#
# There is insufficient memory for the Java Runtime Environment to continue.
# Native memory allocation (malloc) failed to allocate 1048576 bytes. Error detail: AllocateHeap
# Possible reasons:
#   The system is out of physical RAM or swap space
#   This process is running with CompressedOops enabled, and the Java Heap may be blocking the growth of the native heap
# Possible solutions:
#   Reduce memory load on the system
#   Increase physical memory or swap space
#   Check if swap backing store is full
#   Decrease Java heap size (-Xmx/-Xms)
#   Decrease number of Java threads
#   Decrease Java thread stack sizes (-Xss)
#   Set larger code cache with -XX:ReservedCodeCacheSize=
#   JVM is running with Unscaled Compressed Oops mode in which the Java heap is
#     placed in the first 4GB address space. The Java Heap base address is the
#     maximum limit for the native heap growth. Please use -XX:HeapBaseMinAddress
#     to set the Java Heap base and to place the Java Heap above 4GB virtual address.
# This output file may be truncated or incomplete.
#
#  Out of Memory Error (allocation.cpp:44), pid=16724, tid=2800
#
# JRE version: OpenJDK Runtime Environment Temurin-21.0.9+10 (21.0.9+10) (build 21.0.9+10-LTS)
# Java VM: OpenJDK 64-Bit Server VM Temurin-21.0.9+10 (21.0.9+10-LTS, mixed mode, sharing, tiered, compressed oops, compressed class ptrs, parallel gc, windows-amd64)
# No core dump will be written. Minidumps are not enabled by default on client versions of Windows
#

---------------  S U M M A R Y ------------

Command Line: --add-modules=ALL-SYSTEM --add-opens=java.base/java.util=ALL-UNNAMED --add-opens=java.base/java.lang=ALL-UNNAMED --add-opens=java.base/sun.nio.fs=ALL-UNNAMED -Declipse.application=org.eclipse.jdt.ls.core.id1 -Dosgi.bundles.defaultStartLevel=4 -Declipse.product=org.eclipse.jdt.ls.core.product -Djava.import.generatesMetadataFilesAtProjectRoot=false -DDetectVMInstallationsJob.disabled=true -Dfile.encoding=utf8 -XX:+UseParallelGC -XX:GCTimeRatio=4 -XX:AdaptiveSizePolicyWeight=90 -Dsun.zip.disableMemoryMapping=true -Xmx2G -Xms100m -Xlog:disable -javaagent:c:\Users\nikeo\.vscode\extensions\redhat.java-1.50.0-win32-x64\lombok\lombok-1.18.39-4050.jar -XX:+HeapDumpOnOutOfMemoryError -XX:HeapDumpPath=c:\Users\nikeo\AppData\Roaming\Code\User\workspaceStorage\4e98a1323564bd17954afba8d54739a7\redhat.java -Daether.dependencyCollector.impl=bf c:\Users\nikeo\.vscode\extensions\redhat.java-1.50.0-win32-x64\server\plugins\org.eclipse.equinox.launcher_1.7.100.v20251111-0406.jar -configuration c:\Users\nikeo\AppData\Roaming\Code\User\globalStorage\redhat.java\1.50.0\config_win -data c:\Users\nikeo\AppData\Roaming\Code\User\workspaceStorage\4e98a1323564bd17954afba8d54739a7\redhat.java\jdt_ws --pipe=\\.\pipe\lsp-b66a82012ef63d649b398dca16e13971-sock

Host: 12th Gen Intel(R) Core(TM) i3-1220P, 12 cores, 7G,  Windows 11 , 64 bit Build 26100 (10.0.26100.6725)
Time: Sat Nov 29 19:18:14 2025 SE Asia Standard Time elapsed time: 1297.526005 seconds (0d 0h 21m 37s)

---------------  T H R E A D  ---------------

Current thread (0x000001a1592df160):  JavaThread "Attach Listener" daemon [_thread_in_vm, id=2800, stack(0x00000058c8400000,0x00000058c8500000) (1024K)]

Stack: [0x00000058c8400000,0x00000058c8500000]
Native frames: (J=compiled Java code, j=interpreted, Vv=VM code, C=native code)
V  [jvm.dll+0x6d6e29]
V  [jvm.dll+0x8b4b76]
V  [jvm.dll+0x8b712e]
V  [jvm.dll+0x8b7813]
V  [jvm.dll+0x283d86]
V  [jvm.dll+0xc1277]
V  [jvm.dll+0x6d76d9]
V  [jvm.dll+0x133466]
V  [jvm.dll+0x3f7ea6]
V  [jvm.dll+0x85e9ad]
V  [jvm.dll+0x6d565d]
C  [ucrtbase.dll+0x37b0]
C  [KERNEL32.DLL+0x2e8d7]
C  [ntdll.dll+0x8c53c]


---------------  P R O C E S S  ---------------

Threads class SMR info:
_java_thread_list=0x000001a17a51ac80, length=57, elements={
0x000001a156fc6260, 0x000001a1592d93a0, 0x000001a1593fd1e0, 0x000001a1592dcfd0,
0x000001a1592df160, 0x000001a1592e3eb0, 0x000001a1592eacc0, 0x000001a170e447e0,
0x000001a170e48770, 0x000001a1592e9280, 0x000001a1592eb9e0, 0x000001a1592eb350,
0x000001a1592ec070, 0x000001a1592e9910, 0x000001a1592e9fa0, 0x000001a1592ea630,
0x000001a176af2230, 0x000001a176aefad0, 0x000001a176aef440, 0x000001a176af1510,
0x000001a176af5020, 0x000001a176af56b0, 0x000001a176af4990, 0x000001a176af5d40,
0x000001a176af2f50, 0x000001a176af4300, 0x000001a176af6a60, 0x000001a176af35e0,
0x000001a17ac70670, 0x000001a17ac70d00, 0x000001a17ac71390, 0x000001a17ac71a20,
0x000001a17ac720b0, 0x000001a17ac6ffe0, 0x000001a17ac73af0, 0x000001a17ac72740,
0x000001a178197e50, 0x000001a17b207250, 0x000001a1778fbff0, 0x000001a1778fb2d0,
0x000001a17b55ceb0, 0x000001a17b55ef80, 0x000001a17b55f610, 0x000001a176af28c0,
0x000001a176af07f0, 0x000001a178c53490, 0x000001a178c57630, 0x000001a178c57cc0,
0x000001a178c56fa0, 0x000001a178c54840, 0x000001a178c59d90, 0x000001a178c589e0,
0x000001a178c59070, 0x000001a17b201d00, 0x000001a17b203740, 0x000001a17b201670,
0x000001a1781977c0
}

Java Threads: ( => current thread )
  0x000001a156fc6260 JavaThread "main"                              [_thread_blocked, id=15060, stack(0x00000058c7d00000,0x00000058c7e00000) (1024K)]
  0x000001a1592d93a0 JavaThread "Reference Handler"          daemon [_thread_blocked, id=38580, stack(0x00000058c8100000,0x00000058c8200000) (1024K)]
  0x000001a1593fd1e0 JavaThread "Finalizer"                  daemon [_thread_blocked, id=10696, stack(0x00000058c8200000,0x00000058c8300000) (1024K)]
  0x000001a1592dcfd0 JavaThread "Signal Dispatcher"          daemon [_thread_blocked, id=5768, stack(0x00000058c8300000,0x00000058c8400000) (1024K)]
=>0x000001a1592df160 JavaThread "Attach Listener"            daemon [_thread_in_vm, id=2800, stack(0x00000058c8400000,0x00000058c8500000) (1024K)]
  0x000001a1592e3eb0 JavaThread "Service Thread"             daemon [_thread_blocked, id=18424, stack(0x00000058c8500000,0x00000058c8600000) (1024K)]
  0x000001a1592eacc0 JavaThread "Monitor Deflation Thread"   daemon [_thread_blocked, id=26812, stack(0x00000058c8600000,0x00000058c8700000) (1024K)]
  0x000001a170e447e0 JavaThread "C2 CompilerThread0"         daemon [_thread_blocked, id=15608, stack(0x00000058c8700000,0x00000058c8800000) (1024K)]
  0x000001a170e48770 JavaThread "C1 CompilerThread0"         daemon [_thread_blocked, id=37648, stack(0x00000058c8800000,0x00000058c8900000) (1024K)]
  0x000001a1592e9280 JavaThread "Common-Cleaner"             daemon [_thread_blocked, id=36804, stack(0x00000058c8900000,0x00000058c8a00000) (1024K)]
  0x000001a1592eb9e0 JavaThread "Notification Thread"        daemon [_thread_blocked, id=32384, stack(0x00000058c8b00000,0x00000058c8c00000) (1024K)]
  0x000001a1592eb350 JavaThread "Active Thread: Equinox Container: 16b9ceb2-a854-4dde-96f8-4b9a75baa3e7"        [_thread_blocked, id=22316, stack(0x00000058c9200000,0x00000058c9300000) (1024K)]
  0x000001a1592ec070 JavaThread "Refresh Thread: Equinox Container: 16b9ceb2-a854-4dde-96f8-4b9a75baa3e7" daemon [_thread_blocked, id=35068, stack(0x00000058c9300000,0x00000058c9400000) (1024K)]
  0x000001a1592e9910 JavaThread "Framework Event Dispatcher: Equinox Container: 16b9ceb2-a854-4dde-96f8-4b9a75baa3e7" daemon [_thread_blocked, id=30568, stack(0x00000058c9500000,0x00000058c9600000) (1024K)]
  0x000001a1592e9fa0 JavaThread "Start Level: Equinox Container: 16b9ceb2-a854-4dde-96f8-4b9a75baa3e7" daemon [_thread_blocked, id=21632, stack(0x00000058c9600000,0x00000058c9700000) (1024K)]
  0x000001a1592ea630 JavaThread "Bundle File Closer"         daemon [_thread_blocked, id=35220, stack(0x00000058c9900000,0x00000058c9a00000) (1024K)]
  0x000001a176af2230 JavaThread "SCR Component Actor"        daemon [_thread_blocked, id=37708, stack(0x00000058c9a00000,0x00000058c9b00000) (1024K)]
  0x000001a176aefad0 JavaThread "Worker-JM"                         [_thread_blocked, id=38308, stack(0x00000058c9b00000,0x00000058c9c00000) (1024K)]
  0x000001a176aef440 JavaThread "JNA Cleaner"                daemon [_thread_blocked, id=4552, stack(0x00000058c8a00000,0x00000058c8b00000) (1024K)]
  0x000001a176af1510 JavaThread "Java indexing"              daemon [_thread_blocked, id=12316, stack(0x00000058ca100000,0x00000058ca200000) (1024K)]
  0x000001a176af5020 JavaThread "Thread-1"                   daemon [_thread_in_native, id=27720, stack(0x00000058ca700000,0x00000058ca800000) (1024K)]
  0x000001a176af56b0 JavaThread "Thread-2"                   daemon [_thread_in_native, id=7312, stack(0x00000058ca800000,0x00000058ca900000) (1024K)]
  0x000001a176af4990 JavaThread "Thread-3"                   daemon [_thread_in_native, id=35484, stack(0x00000058ca900000,0x00000058caa00000) (1024K)]
  0x000001a176af5d40 JavaThread "Thread-4"                   daemon [_thread_in_native, id=18360, stack(0x00000058caa00000,0x00000058cab00000) (1024K)]
  0x000001a176af2f50 JavaThread "Thread-5"                   daemon [_thread_in_native, id=12336, stack(0x00000058cab00000,0x00000058cac00000) (1024K)]
  0x000001a176af4300 JavaThread "Thread-6"                   daemon [_thread_in_native, id=36140, stack(0x00000058cac00000,0x00000058cad00000) (1024K)]
  0x000001a176af6a60 JavaThread "Thread-7"                   daemon [_thread_in_native, id=14480, stack(0x00000058cad00000,0x00000058cae00000) (1024K)]
  0x000001a176af35e0 JavaThread "Thread-8"                   daemon [_thread_in_native, id=32228, stack(0x00000058cae00000,0x00000058caf00000) (1024K)]
  0x000001a17ac70670 JavaThread "Thread-9"                   daemon [_thread_in_native, id=8052, stack(0x00000058caf00000,0x00000058cb000000) (1024K)]
  0x000001a17ac70d00 JavaThread "Thread-10"                  daemon [_thread_in_native, id=23152, stack(0x00000058cb000000,0x00000058cb100000) (1024K)]
  0x000001a17ac71390 JavaThread "Thread-11"                  daemon [_thread_in_native, id=18488, stack(0x00000058cb100000,0x00000058cb200000) (1024K)]
  0x000001a17ac71a20 JavaThread "Thread-12"                  daemon [_thread_in_native, id=35856, stack(0x00000058cb200000,0x00000058cb300000) (1024K)]
  0x000001a17ac720b0 JavaThread "Thread-13"                  daemon [_thread_in_native, id=29860, stack(0x00000058cb300000,0x00000058cb400000) (1024K)]
  0x000001a17ac6ffe0 JavaThread "pool-2-thread-1"                   [_thread_blocked, id=33812, stack(0x00000058cb400000,0x00000058cb500000) (1024K)]
  0x000001a17ac73af0 JavaThread "WorkspaceEventsHandler"            [_thread_blocked, id=3184, stack(0x00000058cb600000,0x00000058cb700000) (1024K)]
  0x000001a17ac72740 JavaThread "pool-1-thread-1"                   [_thread_blocked, id=36188, stack(0x00000058cb700000,0x00000058cb800000) (1024K)]
  0x000001a178197e50 JavaThread "ForkJoinPool.commonPool-worker-6" daemon [_thread_blocked, id=22088, stack(0x00000058cd400000,0x00000058cd500000) (1024K)]
  0x000001a17b207250 JavaThread "Cleaner-0"                  daemon [_thread_blocked, id=23212, stack(0x00000058cd500000,0x00000058cd600000) (1024K)]
  0x000001a1778fbff0 JavaThread "ForkJoinPool.commonPool-worker-8" daemon [_thread_blocked, id=6324, stack(0x00000058c7b00000,0x00000058c7c00000) (1024K)]
  0x000001a1778fb2d0 JavaThread "ForkJoinPool.commonPool-worker-11" daemon [_thread_blocked, id=25852, stack(0x00000058c9f00000,0x00000058ca000000) (1024K)]
  0x000001a17b55ceb0 JavaThread "Java Debug Server"          daemon [_thread_in_native, id=36940, stack(0x00000058c7a00000,0x00000058c7b00000) (1024K)]
  0x000001a17b55ef80 JavaThread "RxSchedulerPurge-1"         daemon [_thread_blocked, id=34064, stack(0x00000058cd700000,0x00000058cd800000) (1024K)]
  0x000001a17b55f610 JavaThread "RxCachedWorkerPoolEvictor-1" daemon [_thread_blocked, id=38624, stack(0x00000058ce200000,0x00000058ce300000) (1024K)]
  0x000001a176af28c0 JavaThread "ForkJoinPool.commonPool-worker-12" daemon [_thread_blocked, id=17816, stack(0x00000058c7c00000,0x00000058c7d00000) (1024K)]
  0x000001a176af07f0 JavaThread "ForkJoinPool.commonPool-worker-14" daemon [_thread_blocked, id=16284, stack(0x00000058c9d00000,0x00000058c9e00000) (1024K)]
  0x000001a178c53490 JavaThread "Compiler Source File Reader" daemon [_thread_blocked, id=37148, stack(0x00000058ca200000,0x00000058ca300000) (1024K)]
  0x000001a178c57630 JavaThread "Compiler Source File Reader" daemon [_thread_blocked, id=28028, stack(0x00000058ca500000,0x00000058ca600000) (1024K)]
  0x000001a178c57cc0 JavaThread "Worker-9"                          [_thread_blocked, id=16456, stack(0x00000058cb500000,0x00000058cb600000) (1024K)]
  0x000001a178c56fa0 JavaThread "Compiler Source File Reader" daemon [_thread_blocked, id=15564, stack(0x00000058cb800000,0x00000058cb900000) (1024K)]
  0x000001a178c54840 JavaThread "Compiler Source File Reader" daemon [_thread_blocked, id=36752, stack(0x00000058cb900000,0x00000058cba00000) (1024K)]
  0x000001a178c59d90 JavaThread "Compiler Source File Reader" daemon [_thread_blocked, id=34056, stack(0x00000058cbb00000,0x00000058cbc00000) (1024K)]
  0x000001a178c589e0 JavaThread "Compiler Source File Reader" daemon [_thread_blocked, id=32764, stack(0x00000058cbc00000,0x00000058cbd00000) (1024K)]
  0x000001a178c59070 JavaThread "Compiler Source File Reader" daemon [_thread_blocked, id=38256, stack(0x00000058cbe00000,0x00000058cbf00000) (1024K)]
  0x000001a17b201d00 JavaThread "Worker-10"                         [_thread_blocked, id=19556, stack(0x00000058c9c00000,0x00000058c9d00000) (1024K)]
  0x000001a17b203740 JavaThread "pool-3-thread-3"                   [_thread_in_native, id=28032, stack(0x00000058cba00000,0x00000058cbb00000) (1024K)]
  0x000001a17b201670 JavaThread "RxNewThreadScheduler-5"     daemon [_thread_blocked, id=15988, stack(0x00000058cbd00000,0x00000058cbe00000) (1024K)]
  0x000001a1781977c0 JavaThread "process reaper (pid 35656)" daemon [_thread_in_native, id=16636, stack(0x00000058c7770000,0x00000058c7790000) (128K)]
Total: 57

Other Threads:
  0x000001a170e42960 VMThread "VM Thread"                           [id=19364, stack(0x00000058c8000000,0x00000058c8100000) (1024K)]
  0x000001a1591cca00 WatcherThread "VM Periodic Task Thread"        [id=25644, stack(0x00000058c7f00000,0x00000058c8000000) (1024K)]
  0x000001a159383130 WorkerThread "GC Thread#0"                     [id=36132, stack(0x00000058c7e00000,0x00000058c7f00000) (1024K)]
  0x000001a17621ba10 WorkerThread "GC Thread#1"                     [id=10464, stack(0x00000058c8c00000,0x00000058c8d00000) (1024K)]
  0x000001a1765bea40 WorkerThread "GC Thread#2"                     [id=18272, stack(0x00000058c8d00000,0x00000058c8e00000) (1024K)]
  0x000001a1765c1270 WorkerThread "GC Thread#3"                     [id=2316, stack(0x00000058c8e00000,0x00000058c8f00000) (1024K)]
  0x000001a1765c1610 WorkerThread "GC Thread#4"                     [id=34572, stack(0x00000058c8f00000,0x00000058c9000000) (1024K)]
  0x000001a1764c26d0 WorkerThread "GC Thread#5"                     [id=38664, stack(0x00000058c9000000,0x00000058c9100000) (1024K)]
  0x000001a1764c2a70 WorkerThread "GC Thread#6"                     [id=21976, stack(0x00000058c9100000,0x00000058c9200000) (1024K)]
  0x000001a176ab2e50 WorkerThread "GC Thread#7"                     [id=34480, stack(0x00000058c9400000,0x00000058c9500000) (1024K)]
  0x000001a176abd660 WorkerThread "GC Thread#8"                     [id=4848, stack(0x00000058c9700000,0x00000058c9800000) (1024K)]
  0x000001a176eb5610 WorkerThread "GC Thread#9"                     [id=12932, stack(0x00000058c9800000,0x00000058c9900000) (1024K)]
Total: 12

Threads with active compile tasks:
Total: 0

VM state: not at safepoint (normal execution)

VM Mutex/Monitor currently owned by a thread: None

Heap address: 0x0000000080000000, size: 2048 MB, Compressed Oops mode: 32-bit

CDS archive(s) mapped at: [0x000001a100000000-0x000001a100ba0000-0x000001a100ba0000), size 12189696, SharedBaseAddress: 0x000001a100000000, ArchiveRelocationMode: 1.
Compressed class space mapped at: 0x000001a101000000-0x000001a141000000, reserved size: 1073741824
Narrow klass base: 0x000001a100000000, Narrow klass shift: 0, Narrow klass range: 0x100000000

GC Precious Log:
 CardTable entry size: 512
 CPUs: 12 total, 12 available
 Memory: 7933M
 Large Page Support: Disabled
 NUMA Support: Disabled
 Compressed Oops: Enabled (32-bit)
 Alignments: Space 512K, Generation 512K, Heap 2M
 Heap Min Capacity: 100M
 Heap Initial Capacity: 100M
 Heap Max Capacity: 2G
 Pre-touch: Disabled
 Parallel Workers: 10

Heap:
 PSYoungGen      total 2560K, used 1587K [0x00000000d5580000, 0x00000000d5980000, 0x0000000100000000)
  eden space 2048K, 56% used [0x00000000d5580000,0x00000000d56a2828,0x00000000d5780000)
  from space 512K, 83% used [0x00000000d5880000,0x00000000d58ea3e0,0x00000000d5900000)
  to   space 512K, 0% used [0x00000000d5900000,0x00000000d5900000,0x00000000d5980000)
 ParOldGen       total 788992K, used 788821K [0x0000000080000000, 0x00000000b0280000, 0x00000000d5580000)
  object space 788992K, 99% used [0x0000000080000000,0x00000000b0255428,0x00000000b0280000)
 Metaspace       used 86088K, committed 87808K, reserved 1179648K
  class space    used 9022K, committed 9792K, reserved 1048576K

Card table byte_map: [0x000001a158ce0000,0x000001a1590f0000] _byte_map_base: 0x000001a1588e0000

Marking Bits: (ParMarkBitMap*) 0x00007ff89d042460
 Begin Bits: [0x000001a16b7f0000, 0x000001a16d7f0000)
 End Bits:   [0x000001a16d7f0000, 0x000001a16f7f0000)

Polling page: 0x000001a157150000

Metaspace:

Usage:
  Non-class:     75.26 MB used.
      Class:      8.81 MB used.
       Both:     84.07 MB used.

Virtual space:
  Non-class space:      128.00 MB reserved,      76.19 MB ( 60%) committed,  2 nodes.
      Class space:        1.00 GB reserved,       9.56 MB ( <1%) committed,  1 nodes.
             Both:        1.12 GB reserved,      85.75 MB (  7%) committed. 

Chunk freelists:
   Non-Class:  3.60 MB
       Class:  6.35 MB
        Both:  9.95 MB

MaxMetaspaceSize: unlimited
CompressedClassSpaceSize: 1.00 GB
Initial GC threshold: 21.00 MB
Current GC threshold: 127.00 MB
CDS: on
 - commit_granule_bytes: 65536.
 - commit_granule_words: 8192.
 - virtual_space_node_default_size: 8388608.
 - enlarge_chunks_in_place: 1.
 - use_allocation_guard: 0.


Internal statistics:

num_allocs_failed_limit: 9.
num_arena_births: 1504.
num_arena_deaths: 30.
num_vsnodes_births: 3.
num_vsnodes_deaths: 0.
num_space_committed: 1372.
num_space_uncommitted: 0.
num_chunks_returned_to_freelist: 44.
num_chunks_taken_from_freelist: 5627.
num_chunk_merges: 19.
num_chunk_splits: 3347.
num_chunks_enlarged: 1821.
num_inconsistent_stats: 0.

CodeHeap 'non-profiled nmethods': size=120000Kb used=22442Kb max_used=22442Kb free=97557Kb
 bounds [0x000001a164010000, 0x000001a165600000, 0x000001a16b540000]
CodeHeap 'profiled nmethods': size=120000Kb used=45488Kb max_used=45488Kb free=74511Kb
 bounds [0x000001a15c540000, 0x000001a15f1b0000, 0x000001a163a70000]
CodeHeap 'non-nmethods': size=5760Kb used=1526Kb max_used=1582Kb free=4233Kb
 bounds [0x000001a163a70000, 0x000001a163ce0000, 0x000001a164010000]
CodeCache: size=245760Kb, used=69456Kb, max_used=69512Kb, free=176301Kb
 total_blobs=19130, nmethods=18281, adapters=750, full_count=0
Compilation: enabled, stopped_count=0, restarted_count=0

Compilation events (20 events):
Event: 1218.261 Thread 0x000001a170e48770 nmethod 19843 0x000001a15f1a3f90 code [0x000001a15f1a4140, 0x000001a15f1a42a0]
Event: 1218.261 Thread 0x000001a170e48770 19844   !   3       org.eclipse.jdt.ls.core.internal.text.correction.CodeActionUtility::hasMethod (31 bytes)
Event: 1218.263 Thread 0x000001a170e447e0 nmethod 19840 0x000001a1655f9f10 code [0x000001a1655fa0a0, 0x000001a1655fa200]
Event: 1218.263 Thread 0x000001a170e447e0 19841       4       java.lang.invoke.LambdaForm$MH/0x000001a101201400::invoke (37 bytes)
Event: 1218.265 Thread 0x000001a170e48770 nmethod 19844 0x000001a15f1a4390 code [0x000001a15f1a4640, 0x000001a15f1a5258]
Event: 1218.265 Thread 0x000001a170e48770 19847       3       java.util.AbstractList$RandomAccessSpliterator::estimateSize (11 bytes)
Event: 1218.266 Thread 0x000001a170e48770 nmethod 19847 0x000001a15f1a5810 code [0x000001a15f1a59c0, 0x000001a15f1a5b10]
Event: 1218.266 Thread 0x000001a170e48770 19845       3       org.eclipse.jdt.internal.corext.fix.VariableDeclarationFixCore$VariableDeclarationFinder::<init> (38 bytes)
Event: 1218.266 Thread 0x000001a170e48770 nmethod 19845 0x000001a15f1a5b90 code [0x000001a15f1a5d40, 0x000001a15f1a6038]
Event: 1218.268 Thread 0x000001a170e48770 19846   !   3       org.eclipse.jdt.ls.core.internal.text.correction.SourceAssistProcessor::getFinalModifierWherePossibleAction (207 bytes)
Event: 1218.269 Thread 0x000001a170e447e0 nmethod 19841 0x000001a1655fa390 code [0x000001a1655fa520, 0x000001a1655fa6c0]
Event: 1218.273 Thread 0x000001a170e48770 nmethod 19846 0x000001a15f1a6190 code [0x000001a15f1a6680, 0x000001a15f1a8dd8]
Event: 1219.148 Thread 0x000001a170e48770 19848       3       org.eclipse.ltk.core.refactoring.RefactoringStatus::isOK (11 bytes)
Event: 1219.148 Thread 0x000001a170e48770 nmethod 19848 0x000001a15f1a9c90 code [0x000001a15f1a9e40, 0x000001a15f1a9fb0]
Event: 1219.149 Thread 0x000001a170e48770 19849   !   3       org.eclipse.jdt.core.Signature::getArrayCount (31 bytes)
Event: 1219.150 Thread 0x000001a170e48770 nmethod 19849 0x000001a15f1aa090 code [0x000001a15f1aa260, 0x000001a15f1aa610]
Event: 1219.151 Thread 0x000001a170e48770 19850       3       org.eclipse.jdt.ls.core.internal.text.correction.SourceAssistProcessor::getPossibleASTNodesForFinalModifier (122 bytes)
Event: 1219.152 Thread 0x000001a170e48770 nmethod 19850 0x000001a15f1aa810 code [0x000001a15f1aab00, 0x000001a15f1abd40]
Event: 1288.496 Thread 0x000001a170e48770 19851       1       org.eclipse.jdt.ls.core.internal.LanguageServerApplication::getParentProcessId (5 bytes)
Event: 1288.505 Thread 0x000001a170e48770 nmethod 19851 0x000001a1655fa890 code [0x000001a1655faa20, 0x000001a1655faae8]

GC Heap History (20 events):
Event: 1188.291 GC heap before
{Heap before GC invocations=1282 (full 4):
 PSYoungGen      total 2560K, used 2336K [0x00000000d5580000, 0x00000000d5980000, 0x0000000100000000)
  eden space 2048K, 100% used [0x00000000d5580000,0x00000000d5780000,0x00000000d5780000)
  from space 512K, 56% used [0x00000000d5880000,0x00000000d58c8000,0x00000000d5900000)
  to   space 512K, 0% used [0x00000000d5900000,0x00000000d5900000,0x00000000d5980000)
 ParOldGen       total 788992K, used 788709K [0x0000000080000000, 0x00000000b0280000, 0x00000000d5580000)
  object space 788992K, 99% used [0x0000000080000000,0x00000000b0239428,0x00000000b0280000)
 Metaspace       used 86069K, committed 87808K, reserved 1179648K
  class space    used 9022K, committed 9792K, reserved 1048576K
}
Event: 1188.293 GC heap after
{Heap after GC invocations=1282 (full 4):
 PSYoungGen      total 2560K, used 192K [0x00000000d5580000, 0x00000000d5980000, 0x0000000100000000)
  eden space 2048K, 0% used [0x00000000d5580000,0x00000000d5580000,0x00000000d5780000)
  from space 512K, 37% used [0x00000000d5900000,0x00000000d5930000,0x00000000d5980000)
  to   space 512K, 0% used [0x00000000d5880000,0x00000000d5880000,0x00000000d5900000)
 ParOldGen       total 788992K, used 788709K [0x0000000080000000, 0x00000000b0280000, 0x00000000d5580000)
  object space 788992K, 99% used [0x0000000080000000,0x00000000b0239428,0x00000000b0280000)
 Metaspace       used 86069K, committed 87808K, reserved 1179648K
  class space    used 9022K, committed 9792K, reserved 1048576K
}
Event: 1188.736 GC heap before
{Heap before GC invocations=1283 (full 4):
 PSYoungGen      total 2560K, used 2239K [0x00000000d5580000, 0x00000000d5980000, 0x0000000100000000)
  eden space 2048K, 99% used [0x00000000d5580000,0x00000000d577fff0,0x00000000d5780000)
  from space 512K, 37% used [0x00000000d5900000,0x00000000d5930000,0x00000000d5980000)
  to   space 512K, 0% used [0x00000000d5880000,0x00000000d5880000,0x00000000d5900000)
 ParOldGen       total 788992K, used 788709K [0x0000000080000000, 0x00000000b0280000, 0x00000000d5580000)
  object space 788992K, 99% used [0x0000000080000000,0x00000000b0239428,0x00000000b0280000)
 Metaspace       used 86069K, committed 87808K, reserved 1179648K
  class space    used 9022K, committed 9792K, reserved 1048576K
}
Event: 1188.753 GC heap after
{Heap after GC invocations=1283 (full 4):
 PSYoungGen      total 2560K, used 288K [0x00000000d5580000, 0x00000000d5980000, 0x0000000100000000)
  eden space 2048K, 0% used [0x00000000d5580000,0x00000000d5580000,0x00000000d5780000)
  from space 512K, 56% used [0x00000000d5880000,0x00000000d58c8000,0x00000000d5900000)
  to   space 512K, 0% used [0x00000000d5900000,0x00000000d5900000,0x00000000d5980000)
 ParOldGen       total 788992K, used 788709K [0x0000000080000000, 0x00000000b0280000, 0x00000000d5580000)
  object space 788992K, 99% used [0x0000000080000000,0x00000000b0239428,0x00000000b0280000)
 Metaspace       used 86069K, committed 87808K, reserved 1179648K
  class space    used 9022K, committed 9792K, reserved 1048576K
}
Event: 1189.170 GC heap before
{Heap before GC invocations=1284 (full 4):
 PSYoungGen      total 2560K, used 2336K [0x00000000d5580000, 0x00000000d5980000, 0x0000000100000000)
  eden space 2048K, 100% used [0x00000000d5580000,0x00000000d5780000,0x00000000d5780000)
  from space 512K, 56% used [0x00000000d5880000,0x00000000d58c8000,0x00000000d5900000)
  to   space 512K, 0% used [0x00000000d5900000,0x00000000d5900000,0x00000000d5980000)
 ParOldGen       total 788992K, used 788709K [0x0000000080000000, 0x00000000b0280000, 0x00000000d5580000)
  object space 788992K, 99% used [0x0000000080000000,0x00000000b0239428,0x00000000b0280000)
 Metaspace       used 86069K, committed 87808K, reserved 1179648K
  class space    used 9022K, committed 9792K, reserved 1048576K
}
Event: 1189.173 GC heap after
{Heap after GC invocations=1284 (full 4):
 PSYoungGen      total 2560K, used 288K [0x00000000d5580000, 0x00000000d5980000, 0x0000000100000000)
  eden space 2048K, 0% used [0x00000000d5580000,0x00000000d5580000,0x00000000d5780000)
  from space 512K, 56% used [0x00000000d5900000,0x00000000d5948000,0x00000000d5980000)
  to   space 512K, 0% used [0x00000000d5880000,0x00000000d5880000,0x00000000d5900000)
 ParOldGen       total 788992K, used 788733K [0x0000000080000000, 0x00000000b0280000, 0x00000000d5580000)
  object space 788992K, 99% used [0x0000000080000000,0x00000000b023f428,0x00000000b0280000)
 Metaspace       used 86069K, committed 87808K, reserved 1179648K
  class space    used 9022K, committed 9792K, reserved 1048576K
}
Event: 1189.504 GC heap before
{Heap before GC invocations=1285 (full 4):
 PSYoungGen      total 2560K, used 2336K [0x00000000d5580000, 0x00000000d5980000, 0x0000000100000000)
  eden space 2048K, 100% used [0x00000000d5580000,0x00000000d5780000,0x00000000d5780000)
  from space 512K, 56% used [0x00000000d5900000,0x00000000d5948000,0x00000000d5980000)
  to   space 512K, 0% used [0x00000000d5880000,0x00000000d5880000,0x00000000d5900000)
 ParOldGen       total 788992K, used 788733K [0x0000000080000000, 0x00000000b0280000, 0x00000000d5580000)
  object space 788992K, 99% used [0x0000000080000000,0x00000000b023f428,0x00000000b0280000)
 Metaspace       used 86069K, committed 87808K, reserved 1179648K
  class space    used 9022K, committed 9792K, reserved 1048576K
}
Event: 1189.507 GC heap after
{Heap after GC invocations=1285 (full 4):
 PSYoungGen      total 2560K, used 288K [0x00000000d5580000, 0x00000000d5980000, 0x0000000100000000)
  eden space 2048K, 0% used [0x00000000d5580000,0x00000000d5580000,0x00000000d5780000)
  from space 512K, 56% used [0x00000000d5880000,0x00000000d58c8000,0x00000000d5900000)
  to   space 512K, 0% used [0x00000000d5900000,0x00000000d5900000,0x00000000d5980000)
 ParOldGen       total 788992K, used 788733K [0x0000000080000000, 0x00000000b0280000, 0x00000000d5580000)
  object space 788992K, 99% used [0x0000000080000000,0x00000000b023f428,0x00000000b0280000)
 Metaspace       used 86069K, committed 87808K, reserved 1179648K
  class space    used 9022K, committed 9792K, reserved 1048576K
}
Event: 1189.871 GC heap before
{Heap before GC invocations=1286 (full 4):
 PSYoungGen      total 2560K, used 2336K [0x00000000d5580000, 0x00000000d5980000, 0x0000000100000000)
  eden space 2048K, 100% used [0x00000000d5580000,0x00000000d5780000,0x00000000d5780000)
  from space 512K, 56% used [0x00000000d5880000,0x00000000d58c8000,0x00000000d5900000)
  to   space 512K, 0% used [0x00000000d5900000,0x00000000d5900000,0x00000000d5980000)
 ParOldGen       total 788992K, used 788733K [0x0000000080000000, 0x00000000b0280000, 0x00000000d5580000)
  object space 788992K, 99% used [0x0000000080000000,0x00000000b023f428,0x00000000b0280000)
 Metaspace       used 86069K, committed 87808K, reserved 1179648K
  class space    used 9022K, committed 9792K, reserved 1048576K
}
Event: 1189.874 GC heap after
{Heap after GC invocations=1286 (full 4):
 PSYoungGen      total 2560K, used 288K [0x00000000d5580000, 0x00000000d5980000, 0x0000000100000000)
  eden space 2048K, 0% used [0x00000000d5580000,0x00000000d5580000,0x00000000d5780000)
  from space 512K, 56% used [0x00000000d5900000,0x00000000d5948000,0x00000000d5980000)
  to   space 512K, 0% used [0x00000000d5880000,0x00000000d5880000,0x00000000d5900000)
 ParOldGen       total 788992K, used 788749K [0x0000000080000000, 0x00000000b0280000, 0x00000000d5580000)
  object space 788992K, 99% used [0x0000000080000000,0x00000000b0243428,0x00000000b0280000)
 Metaspace       used 86069K, committed 87808K, reserved 1179648K
  class space    used 9022K, committed 9792K, reserved 1048576K
}
Event: 1190.186 GC heap before
{Heap before GC invocations=1287 (full 4):
 PSYoungGen      total 2560K, used 2336K [0x00000000d5580000, 0x00000000d5980000, 0x0000000100000000)
  eden space 2048K, 100% used [0x00000000d5580000,0x00000000d5780000,0x00000000d5780000)
  from space 512K, 56% used [0x00000000d5900000,0x00000000d5948000,0x00000000d5980000)
  to   space 512K, 0% used [0x00000000d5880000,0x00000000d5880000,0x00000000d5900000)
 ParOldGen       total 788992K, used 788749K [0x0000000080000000, 0x00000000b0280000, 0x00000000d5580000)
  object space 788992K, 99% used [0x0000000080000000,0x00000000b0243428,0x00000000b0280000)
 Metaspace       used 86069K, committed 87808K, reserved 1179648K
  class space    used 9022K, committed 9792K, reserved 1048576K
}
Event: 1190.188 GC heap after
{Heap after GC invocations=1287 (full 4):
 PSYoungGen      total 2560K, used 320K [0x00000000d5580000, 0x00000000d5980000, 0x0000000100000000)
  eden space 2048K, 0% used [0x00000000d5580000,0x00000000d5580000,0x00000000d5780000)
  from space 512K, 62% used [0x00000000d5880000,0x00000000d58d0000,0x00000000d5900000)
  to   space 512K, 0% used [0x00000000d5900000,0x00000000d5900000,0x00000000d5980000)
 ParOldGen       total 788992K, used 788749K [0x0000000080000000, 0x00000000b0280000, 0x00000000d5580000)
  object space 788992K, 99% used [0x0000000080000000,0x00000000b0243428,0x00000000b0280000)
 Metaspace       used 86069K, committed 87808K, reserved 1179648K
  class space    used 9022K, committed 9792K, reserved 1048576K
}
Event: 1190.521 GC heap before
{Heap before GC invocations=1288 (full 4):
 PSYoungGen      total 2560K, used 2368K [0x00000000d5580000, 0x00000000d5980000, 0x0000000100000000)
  eden space 2048K, 100% used [0x00000000d5580000,0x00000000d5780000,0x00000000d5780000)
  from space 512K, 62% used [0x00000000d5880000,0x00000000d58d0000,0x00000000d5900000)
  to   space 512K, 0% used [0x00000000d5900000,0x00000000d5900000,0x00000000d5980000)
 ParOldGen       total 788992K, used 788749K [0x0000000080000000, 0x00000000b0280000, 0x00000000d5580000)
  object space 788992K, 99% used [0x0000000080000000,0x00000000b0243428,0x00000000b0280000)
 Metaspace       used 86069K, committed 87808K, reserved 1179648K
  class space    used 9022K, committed 9792K, reserved 1048576K
}
Event: 1190.523 GC heap after
{Heap after GC invocations=1288 (full 4):
 PSYoungGen      total 2560K, used 256K [0x00000000d5580000, 0x00000000d5980000, 0x0000000100000000)
  eden space 2048K, 0% used [0x00000000d5580000,0x00000000d5580000,0x00000000d5780000)
  from space 512K, 50% used [0x00000000d5900000,0x00000000d5940000,0x00000000d5980000)
  to   space 512K, 0% used [0x00000000d5880000,0x00000000d5880000,0x00000000d5900000)
 ParOldGen       total 788992K, used 788757K [0x0000000080000000, 0x00000000b0280000, 0x00000000d5580000)
  object space 788992K, 99% used [0x0000000080000000,0x00000000b0245428,0x00000000b0280000)
 Metaspace       used 86069K, committed 87808K, reserved 1179648K
  class space    used 9022K, committed 9792K, reserved 1048576K
}
Event: 1190.823 GC heap before
{Heap before GC invocations=1289 (full 4):
 PSYoungGen      total 2560K, used 2304K [0x00000000d5580000, 0x00000000d5980000, 0x0000000100000000)
  eden space 2048K, 100% used [0x00000000d5580000,0x00000000d5780000,0x00000000d5780000)
  from space 512K, 50% used [0x00000000d5900000,0x00000000d5940000,0x00000000d5980000)
  to   space 512K, 0% used [0x00000000d5880000,0x00000000d5880000,0x00000000d5900000)
 ParOldGen       total 788992K, used 788757K [0x0000000080000000, 0x00000000b0280000, 0x00000000d5580000)
  object space 788992K, 99% used [0x0000000080000000,0x00000000b0245428,0x00000000b0280000)
 Metaspace       used 86069K, committed 87808K, reserved 1179648K
  class space    used 9022K, committed 9792K, reserved 1048576K
}
Event: 1190.826 GC heap after
{Heap after GC invocations=1289 (full 4):
 PSYoungGen      total 2560K, used 320K [0x00000000d5580000, 0x00000000d5980000, 0x0000000100000000)
  eden space 2048K, 0% used [0x00000000d5580000,0x00000000d5580000,0x00000000d5780000)
  from space 512K, 62% used [0x00000000d5880000,0x00000000d58d0000,0x00000000d5900000)
  to   space 512K, 0% used [0x00000000d5900000,0x00000000d5900000,0x00000000d5980000)
 ParOldGen       total 788992K, used 788765K [0x0000000080000000, 0x00000000b0280000, 0x00000000d5580000)
  object space 788992K, 99% used [0x0000000080000000,0x00000000b0247428,0x00000000b0280000)
 Metaspace       used 86069K, committed 87808K, reserved 1179648K
  class space    used 9022K, committed 9792K, reserved 1048576K
}
Event: 1217.471 GC heap before
{Heap before GC invocations=1290 (full 4):
 PSYoungGen      total 2560K, used 2367K [0x00000000d5580000, 0x00000000d5980000, 0x0000000100000000)
  eden space 2048K, 99% used [0x00000000d5580000,0x00000000d577fff8,0x00000000d5780000)
  from space 512K, 62% used [0x00000000d5880000,0x00000000d58d0000,0x00000000d5900000)
  to   space 512K, 0% used [0x00000000d5900000,0x00000000d5900000,0x00000000d5980000)
 ParOldGen       total 788992K, used 788765K [0x0000000080000000, 0x00000000b0280000, 0x00000000d5580000)
  object space 788992K, 99% used [0x0000000080000000,0x00000000b0247428,0x00000000b0280000)
 Metaspace       used 86082K, committed 87808K, reserved 1179648K
  class space    used 9022K, committed 9792K, reserved 1048576K
}
Event: 1217.475 GC heap after
{Heap after GC invocations=1290 (full 4):
 PSYoungGen      total 2560K, used 288K [0x00000000d5580000, 0x00000000d5980000, 0x0000000100000000)
  eden space 2048K, 0% used [0x00000000d5580000,0x00000000d5580000,0x00000000d5780000)
  from space 512K, 56% used [0x00000000d5900000,0x00000000d5948000,0x00000000d5980000)
  to   space 512K, 0% used [0x00000000d5880000,0x00000000d5880000,0x00000000d5900000)
 ParOldGen       total 788992K, used 788765K [0x0000000080000000, 0x00000000b0280000, 0x00000000d5580000)
  object space 788992K, 99% used [0x0000000080000000,0x00000000b0247428,0x00000000b0280000)
 Metaspace       used 86082K, committed 87808K, reserved 1179648K
  class space    used 9022K, committed 9792K, reserved 1048576K
}
Event: 1218.267 GC heap before
{Heap before GC invocations=1291 (full 4):
 PSYoungGen      total 2560K, used 2331K [0x00000000d5580000, 0x00000000d5980000, 0x0000000100000000)
  eden space 2048K, 99% used [0x00000000d5580000,0x00000000d577ee28,0x00000000d5780000)
  from space 512K, 56% used [0x00000000d5900000,0x00000000d5948000,0x00000000d5980000)
  to   space 512K, 0% used [0x00000000d5880000,0x00000000d5880000,0x00000000d5900000)
 ParOldGen       total 788992K, used 788765K [0x0000000080000000, 0x00000000b0280000, 0x00000000d5580000)
  object space 788992K, 99% used [0x0000000080000000,0x00000000b0247428,0x00000000b0280000)
 Metaspace       used 86085K, committed 87808K, reserved 1179648K
  class space    used 9022K, committed 9792K, reserved 1048576K
}
Event: 1218.268 GC heap after
{Heap after GC invocations=1291 (full 4):
 PSYoungGen      total 2560K, used 424K [0x00000000d5580000, 0x00000000d5980000, 0x0000000100000000)
  eden space 2048K, 0% used [0x00000000d5580000,0x00000000d5580000,0x00000000d5780000)
  from space 512K, 83% used [0x00000000d5880000,0x00000000d58ea3e0,0x00000000d5900000)
  to   space 512K, 0% used [0x00000000d5900000,0x00000000d5900000,0x00000000d5980000)
 ParOldGen       total 788992K, used 788821K [0x0000000080000000, 0x00000000b0280000, 0x00000000d5580000)
  object space 788992K, 99% used [0x0000000080000000,0x00000000b0255428,0x00000000b0280000)
 Metaspace       used 86085K, committed 87808K, reserved 1179648K
  class space    used 9022K, committed 9792K, reserved 1048576K
}

Dll operation events (12 events):
Event: 0.016 Loaded shared library c:\Users\nikeo\.vscode\extensions\redhat.java-1.50.0-win32-x64\jre\21.0.9-win32-x86_64\bin\java.dll
Event: 0.075 Loaded shared library c:\Users\nikeo\.vscode\extensions\redhat.java-1.50.0-win32-x64\jre\21.0.9-win32-x86_64\bin\zip.dll
Event: 0.096 Loaded shared library C:\Users\nikeo\.vscode\extensions\redhat.java-1.50.0-win32-x64\jre\21.0.9-win32-x86_64\bin\instrument.dll
Event: 0.105 Loaded shared library C:\Users\nikeo\.vscode\extensions\redhat.java-1.50.0-win32-x64\jre\21.0.9-win32-x86_64\bin\net.dll
Event: 0.110 Loaded shared library C:\Users\nikeo\.vscode\extensions\redhat.java-1.50.0-win32-x64\jre\21.0.9-win32-x86_64\bin\nio.dll
Event: 0.114 Loaded shared library C:\Users\nikeo\.vscode\extensions\redhat.java-1.50.0-win32-x64\jre\21.0.9-win32-x86_64\bin\zip.dll
Event: 0.130 Loaded shared library C:\Users\nikeo\.vscode\extensions\redhat.java-1.50.0-win32-x64\jre\21.0.9-win32-x86_64\bin\jimage.dll
Event: 0.213 Loaded shared library c:\Users\nikeo\.vscode\extensions\redhat.java-1.50.0-win32-x64\jre\21.0.9-win32-x86_64\bin\verify.dll
Event: 1.987 Loaded shared library C:\Users\nikeo\AppData\Roaming\Code\User\globalStorage\redhat.java\1.50.0\config_win\org.eclipse.equinox.launcher\org.eclipse.equinox.launcher.win32.win32.x86_64_1.2.1400.v20250801-0854\eclipse_11916.dll
Event: 4.372 Loaded shared library C:\Users\nikeo\AppData\Local\Temp\jna-104821434\jna3375267643800264996.dll
Event: 7.560 Loaded shared library C:\Users\nikeo\.vscode\extensions\redhat.java-1.50.0-win32-x64\jre\21.0.9-win32-x86_64\bin\sunmscapi.dll
Event: 7.718 Loaded shared library C:\Users\nikeo\.vscode\extensions\redhat.java-1.50.0-win32-x64\jre\21.0.9-win32-x86_64\bin\extnet.dll

Deoptimization events (20 events):
Event: 1179.218 Thread 0x000001a1778fb2d0 DEOPT PACKING pc=0x000001a1654a6cf4 sp=0x00000058c9ffe700
Event: 1179.218 Thread 0x000001a1778fb2d0 DEOPT UNPACKING pc=0x000001a163ac3aa2 sp=0x00000058c9ffe690 mode 2
Event: 1179.227 Thread 0x000001a1778fb2d0 Uncommon trap: trap_request=0xffffffde fr.pc=0x000001a16557ecb0 relative=0x0000000000000270
Event: 1179.227 Thread 0x000001a1778fb2d0 Uncommon trap: reason=class_check action=maybe_recompile pc=0x000001a16557ecb0 method=org.eclipse.jdt.internal.core.Member.getTypeRoot()Lorg/eclipse/jdt/core/ITypeRoot; @ 9 c2
Event: 1179.227 Thread 0x000001a1778fb2d0 DEOPT PACKING pc=0x000001a16557ecb0 sp=0x00000058c9ffefa0
Event: 1179.227 Thread 0x000001a1778fb2d0 DEOPT UNPACKING pc=0x000001a163ac3aa2 sp=0x00000058c9ffef28 mode 2
Event: 1179.234 Thread 0x000001a1778fb2d0 Uncommon trap: trap_request=0xffffff66 fr.pc=0x000001a1654c7fa4 relative=0x0000000000001ea4
Event: 1179.234 Thread 0x000001a1778fb2d0 Uncommon trap: reason=speculate_class_check action=maybe_recompile pc=0x000001a1654c7fa4 method=java.lang.invoke.DirectMethodHandle$Holder.invokeSpecial(Ljava/lang/Object;Ljava/lang/Object;Ljava/lang/Object;)Ljava/lang/Object; @ 11 c2
Event: 1179.234 Thread 0x000001a1778fb2d0 DEOPT PACKING pc=0x000001a1654c7fa4 sp=0x00000058c9ffe770
Event: 1179.234 Thread 0x000001a1778fb2d0 DEOPT UNPACKING pc=0x000001a163ac3aa2 sp=0x00000058c9ffe2a8 mode 2
Event: 1179.235 Thread 0x000001a1778fb2d0 Uncommon trap: trap_request=0xffffffde fr.pc=0x000001a164ef2010 relative=0x0000000000007790
Event: 1179.235 Thread 0x000001a1778fb2d0 Uncommon trap: reason=class_check action=maybe_recompile pc=0x000001a164ef2010 method=org.eclipse.jdt.internal.compiler.lookup.Scope.findExactMethod(Lorg/eclipse/jdt/internal/compiler/lookup/ReferenceBinding;[C[Lorg/eclipse/jdt/internal/compiler/lookup/Ty
Event: 1179.235 Thread 0x000001a1778fb2d0 DEOPT PACKING pc=0x000001a164ef2010 sp=0x00000058c9ffe4b0
Event: 1179.235 Thread 0x000001a1778fb2d0 DEOPT UNPACKING pc=0x000001a163ac3aa2 sp=0x00000058c9ffe450 mode 2
Event: 1179.236 Thread 0x000001a1778fb2d0 Uncommon trap: trap_request=0xffffffde fr.pc=0x000001a1642087b0 relative=0x0000000000003950
Event: 1179.236 Thread 0x000001a1778fb2d0 Uncommon trap: reason=class_check action=maybe_recompile pc=0x000001a1642087b0 method=org.eclipse.jdt.internal.compiler.lookup.LookupEnvironment.computePackageFrom([[CZ)Lorg/eclipse/jdt/internal/compiler/lookup/PackageBinding; @ 41 c2
Event: 1179.236 Thread 0x000001a1778fb2d0 DEOPT PACKING pc=0x000001a1642087b0 sp=0x00000058c9ffeac0
Event: 1179.236 Thread 0x000001a1778fb2d0 DEOPT UNPACKING pc=0x000001a163ac3aa2 sp=0x00000058c9ffea70 mode 2
Event: 1186.181 Thread 0x000001a1778fbff0 DEOPT PACKING pc=0x000001a15f12c6c6 sp=0x00000058c7bff300
Event: 1186.181 Thread 0x000001a1778fbff0 DEOPT UNPACKING pc=0x000001a163ac4242 sp=0x00000058c7bfe7f8 mode 0

Classes loaded (20 events):
Event: 835.142 Loading class sun/security/ssl/SSLEngineOutputRecord
Event: 835.143 Loading class sun/security/ssl/SSLEngineOutputRecord done
Event: 835.144 Loading class sun/security/ssl/SSLEngineOutputRecord$HandshakeFragment
Event: 835.144 Loading class sun/security/ssl/SSLEngineOutputRecord$HandshakeFragment done
Event: 835.144 Loading class sun/security/ssl/SSLEngineOutputRecord$HandshakeMemo
Event: 835.145 Loading class sun/security/ssl/SSLEngineOutputRecord$RecordMemo
Event: 835.145 Loading class sun/security/ssl/SSLEngineOutputRecord$RecordMemo done
Event: 835.145 Loading class sun/security/ssl/SSLEngineOutputRecord$HandshakeMemo done
Event: 835.226 Loading class sun/security/ssl/PreSharedKeyExtension$SHPreSharedKeySpec
Event: 835.226 Loading class sun/security/ssl/PreSharedKeyExtension$SHPreSharedKeySpec done
Event: 835.508 Loading class sun/net/www/http/KeepAliveCleanerEntry
Event: 835.509 Loading class sun/net/www/http/KeepAliveCleanerEntry done
Event: 835.509 Loading class sun/net/www/http/KeepAliveStream$1
Event: 835.509 Loading class sun/net/www/http/KeepAliveStream$1 done
Event: 835.510 Loading class sun/net/www/http/ChunkedInputStream
Event: 835.511 Loading class sun/net/www/http/ChunkedInputStream done
Event: 969.388 Loading class java/lang/StringLatin1$CharsSpliterator
Event: 969.394 Loading class java/lang/StringLatin1$CharsSpliterator done
Event: 1045.622 Loading class java/nio/channels/CompletionHandler
Event: 1045.626 Loading class java/nio/channels/CompletionHandler done

Classes unloaded (15 events):
Event: 5.329 Thread 0x000001a170e42960 Unloading class 0x000001a1011aac00 'java/lang/invoke/LambdaForm$MH+0x000001a1011aac00'
Event: 5.329 Thread 0x000001a170e42960 Unloading class 0x000001a1011aa800 'java/lang/invoke/LambdaForm$MH+0x000001a1011aa800'
Event: 5.329 Thread 0x000001a170e42960 Unloading class 0x000001a1011aa400 'java/lang/invoke/LambdaForm$MH+0x000001a1011aa400'
Event: 5.329 Thread 0x000001a170e42960 Unloading class 0x000001a1011aa000 'java/lang/invoke/LambdaForm$MH+0x000001a1011aa000'
Event: 5.329 Thread 0x000001a170e42960 Unloading class 0x000001a1011a9c00 'java/lang/invoke/LambdaForm$BMH+0x000001a1011a9c00'
Event: 5.329 Thread 0x000001a170e42960 Unloading class 0x000001a1011a9800 'java/lang/invoke/LambdaForm$DMH+0x000001a1011a9800'
Event: 5.329 Thread 0x000001a170e42960 Unloading class 0x000001a1011a8400 'java/lang/invoke/LambdaForm$DMH+0x000001a1011a8400'
Event: 7.269 Thread 0x000001a170e42960 Unloading class 0x000001a1012f6000 'java/lang/invoke/LambdaForm$MH+0x000001a1012f6000'
Event: 7.269 Thread 0x000001a170e42960 Unloading class 0x000001a1012f5400 'java/lang/invoke/LambdaForm$MH+0x000001a1012f5400'
Event: 7.269 Thread 0x000001a170e42960 Unloading class 0x000001a1012f4c00 'java/lang/invoke/LambdaForm$MH+0x000001a1012f4c00'
Event: 7.269 Thread 0x000001a170e42960 Unloading class 0x000001a1012f4400 'java/lang/invoke/LambdaForm$MH+0x000001a1012f4400'
Event: 7.269 Thread 0x000001a170e42960 Unloading class 0x000001a1012f4000 'java/lang/invoke/LambdaForm$DMH+0x000001a1012f4000'
Event: 7.269 Thread 0x000001a170e42960 Unloading class 0x000001a1012f3400 'java/lang/invoke/LambdaForm$MH+0x000001a1012f3400'
Event: 7.269 Thread 0x000001a170e42960 Unloading class 0x000001a1012ebc00 'java/lang/invoke/LambdaForm$MH+0x000001a1012ebc00'
Event: 7.269 Thread 0x000001a170e42960 Unloading class 0x000001a1012eb800 'java/lang/invoke/LambdaForm$MH+0x000001a1012eb800'

Classes redefined (0 events):
No events

Internal exceptions (20 events):
Event: 1073.550 Thread 0x000001a176af1510 Exception <a 'sun/nio/fs/WindowsException'{0x00000000d5742858}> (0x00000000d5742858) 
thrown [s\src\hotspot\share\prims\jni.cpp, line 520]
Event: 1073.620 Thread 0x000001a176af1510 Exception <a 'sun/nio/fs/WindowsException'{0x00000000d580ae40}> (0x00000000d580ae40) 
thrown [s\src\hotspot\share\prims\jni.cpp, line 520]
Event: 1077.724 Thread 0x000001a176af1510 Exception <a 'sun/nio/fs/WindowsException'{0x00000000d5690a08}> (0x00000000d5690a08) 
thrown [s\src\hotspot\share\prims\jni.cpp, line 520]
Event: 1077.829 Thread 0x000001a176af1510 Exception <a 'sun/nio/fs/WindowsException'{0x00000000d560bf28}> (0x00000000d560bf28) 
thrown [s\src\hotspot\share\prims\jni.cpp, line 520]
Event: 1094.900 Thread 0x000001a176af1510 Exception <a 'sun/nio/fs/WindowsException'{0x00000000d57621e0}> (0x00000000d57621e0) 
thrown [s\src\hotspot\share\prims\jni.cpp, line 520]
Event: 1095.002 Thread 0x000001a176af1510 Exception <a 'sun/nio/fs/WindowsException'{0x00000000d5580758}> (0x00000000d5580758) 
thrown [s\src\hotspot\share\prims\jni.cpp, line 520]
Event: 1096.055 Thread 0x000001a176af1510 Exception <a 'sun/nio/fs/WindowsException'{0x00000000d5623220}> (0x00000000d5623220) 
thrown [s\src\hotspot\share\prims\jni.cpp, line 520]
Event: 1096.141 Thread 0x000001a176af1510 Exception <a 'sun/nio/fs/WindowsException'{0x00000000d57ba200}> (0x00000000d57ba200) 
thrown [s\src\hotspot\share\prims\jni.cpp, line 520]
Event: 1102.305 Thread 0x000001a176af1510 Exception <a 'sun/nio/fs/WindowsException'{0x00000000d559b370}> (0x00000000d559b370) 
thrown [s\src\hotspot\share\prims\jni.cpp, line 520]
Event: 1102.424 Thread 0x000001a176af1510 Exception <a 'sun/nio/fs/WindowsException'{0x00000000d56f26e0}> (0x00000000d56f26e0) 
thrown [s\src\hotspot\share\prims\jni.cpp, line 520]
Event: 1106.190 Thread 0x000001a176af63d0 Exception <a 'sun/nio/fs/WindowsException'{0x00000000d57aa468}> (0x00000000d57aa468) 
thrown [s\src\hotspot\share\prims\jni.cpp, line 520]
Event: 1106.190 Thread 0x000001a176af63d0 Exception <a 'sun/nio/fs/WindowsException'{0x00000000d57aaa98}> (0x00000000d57aaa98) 
thrown [s\src\hotspot\share\prims\jni.cpp, line 520]
Event: 1106.191 Thread 0x000001a176af63d0 Exception <a 'sun/nio/fs/WindowsException'{0x00000000d57ab700}> (0x00000000d57ab700) 
thrown [s\src\hotspot\share\prims\jni.cpp, line 520]
Event: 1106.191 Thread 0x000001a176af63d0 Exception <a 'sun/nio/fs/WindowsException'{0x00000000d57abfe0}> (0x00000000d57abfe0) 
thrown [s\src\hotspot\share\prims\jni.cpp, line 520]
Event: 1106.193 Thread 0x000001a176af63d0 Exception <a 'sun/nio/fs/WindowsException'{0x00000000d57b06d0}> (0x00000000d57b06d0) 
thrown [s\src\hotspot\share\prims\jni.cpp, line 520]
Event: 1106.193 Thread 0x000001a176af63d0 Exception <a 'sun/nio/fs/WindowsException'{0x00000000d57b0d00}> (0x00000000d57b0d00) 
thrown [s\src\hotspot\share\prims\jni.cpp, line 520]
Event: 1106.193 Thread 0x000001a176af63d0 Exception <a 'sun/nio/fs/WindowsException'{0x00000000d57b1940}> (0x00000000d57b1940) 
thrown [s\src\hotspot\share\prims\jni.cpp, line 520]
Event: 1106.193 Thread 0x000001a176af63d0 Exception <a 'sun/nio/fs/WindowsException'{0x00000000d57b1f70}> (0x00000000d57b1f70) 
thrown [s\src\hotspot\share\prims\jni.cpp, line 520]
Event: 1106.228 Thread 0x000001a17b201670 Exception <a 'sun/nio/fs/WindowsException'{0x00000000d5857e10}> (0x00000000d5857e10) 
thrown [s\src\hotspot\share\prims\jni.cpp, line 520]
Event: 1106.228 Thread 0x000001a17b201670 Exception <a 'sun/nio/fs/WindowsException'{0x00000000d5859130}> (0x00000000d5859130) 
thrown [s\src\hotspot\share\prims\jni.cpp, line 520]

ZGC Phase Switch (0 events):
No events

VM Operations (20 events):
Event: 1190.521 Executing VM operation: ParallelGCFailedAllocation (Allocation Failure)
Event: 1190.523 Executing VM operation: ParallelGCFailedAllocation (Allocation Failure) done
Event: 1190.823 Executing VM operation: ParallelGCFailedAllocation (Allocation Failure)
Event: 1190.826 Executing VM operation: ParallelGCFailedAllocation (Allocation Failure) done
Event: 1202.473 Executing VM operation: HandshakeAllThreads (HandshakeForDeflation)
Event: 1202.473 Executing VM operation: HandshakeAllThreads (HandshakeForDeflation) done
Event: 1202.473 Executing VM operation: RendezvousGCThreads
Event: 1202.473 Executing VM operation: RendezvousGCThreads done
Event: 1205.501 Executing VM operation: Cleanup
Event: 1205.501 Executing VM operation: Cleanup done
Event: 1217.471 Executing VM operation: ParallelGCFailedAllocation (Allocation Failure)
Event: 1217.475 Executing VM operation: ParallelGCFailedAllocation (Allocation Failure) done
Event: 1218.266 Executing VM operation: ParallelGCFailedAllocation (Allocation Failure)
Event: 1218.268 Executing VM operation: ParallelGCFailedAllocation (Allocation Failure) done
Event: 1219.274 Executing VM operation: Cleanup
Event: 1219.274 Executing VM operation: Cleanup done
Event: 1262.609 Executing VM operation: HandshakeAllThreads (HandshakeForDeflation)
Event: 1262.611 Executing VM operation: HandshakeAllThreads (HandshakeForDeflation) done
Event: 1262.611 Executing VM operation: RendezvousGCThreads
Event: 1262.611 Executing VM operation: RendezvousGCThreads done

Memory protections (0 events):
No events

Nmethod flushes (20 events):
Event: 113.589 Thread 0x000001a170e42960 flushing  nmethod 0x000001a15d1db390
Event: 113.589 Thread 0x000001a170e42960 flushing  nmethod 0x000001a15d1e3210
Event: 113.589 Thread 0x000001a170e42960 flushing  nmethod 0x000001a15d1e3690
Event: 113.589 Thread 0x000001a170e42960 flushing  nmethod 0x000001a15d1e7a90
Event: 113.589 Thread 0x000001a170e42960 flushing  nmethod 0x000001a15d1ec910
Event: 113.589 Thread 0x000001a170e42960 flushing  nmethod 0x000001a15d1ee510
Event: 113.589 Thread 0x000001a170e42960 flushing  nmethod 0x000001a15d1fd410
Event: 113.589 Thread 0x000001a170e42960 flushing  nmethod 0x000001a15d1fdd90
Event: 113.589 Thread 0x000001a170e42960 flushing  nmethod 0x000001a15d1feb10
Event: 113.589 Thread 0x000001a170e42960 flushing  nmethod 0x000001a15d1fee90
Event: 113.589 Thread 0x000001a170e42960 flushing  nmethod 0x000001a15d200090
Event: 113.589 Thread 0x000001a170e42960 flushing  nmethod 0x000001a15d201c90
Event: 113.589 Thread 0x000001a170e42960 flushing  nmethod 0x000001a15d204390
Event: 113.589 Thread 0x000001a170e42960 flushing  nmethod 0x000001a15d218c90
Event: 113.589 Thread 0x000001a170e42960 flushing  nmethod 0x000001a15d21e590
Event: 113.589 Thread 0x000001a170e42960 flushing  nmethod 0x000001a15d233110
Event: 113.589 Thread 0x000001a170e42960 flushing  nmethod 0x000001a15d2c0590
Event: 113.589 Thread 0x000001a170e42960 flushing  nmethod 0x000001a15d2c2390
Event: 113.589 Thread 0x000001a170e42960 flushing osr nmethod 0x000001a15d31e990
Event: 113.589 Thread 0x000001a170e42960 flushing  nmethod 0x000001a15d321690

Events (20 events):
Event: 1099.216 Thread 0x000001a17b203740 Thread exited: 0x000001a17b203740
Event: 1099.216 Thread 0x000001a17b201670 Thread exited: 0x000001a17b201670
Event: 1099.239 Thread 0x000001a17b561d70 Thread added: 0x000001a17b203740
Event: 1099.240 Thread 0x000001a17b203740 Thread exited: 0x000001a17b203740
Event: 1106.216 Thread 0x000001a17b55ceb0 Thread added: 0x000001a17b203740
Event: 1106.219 Thread 0x000001a17b203740 Thread added: 0x000001a17b201670
Event: 1106.231 Thread 0x000001a17b201670 Thread added: 0x000001a17b203dd0
Event: 1106.445 Thread 0x000001a17b203740 Thread added: 0x000001a178198b70
Event: 1106.447 Thread 0x000001a17b203dd0 Thread exited: 0x000001a17b203dd0
Event: 1106.702 Thread 0x000001a178198b70 Thread added: 0x000001a1781977c0
Event: 1106.704 Thread 0x000001a178198b70 Thread exited: 0x000001a178198b70
Event: 1116.584 Thread 0x000001a178c58350 Thread exited: 0x000001a178c58350
Event: 1116.647 Thread 0x000001a178c59700 Thread exited: 0x000001a178c59700
Event: 1131.772 Thread 0x000001a178c5aab0 Thread exited: 0x000001a178c5aab0
Event: 1162.419 Thread 0x000001a17b200fe0 Thread exited: 0x000001a17b200fe0
Event: 1162.435 Thread 0x000001a17b204460 Thread exited: 0x000001a17b204460
Event: 1164.686 Thread 0x000001a17b561d70 Thread exited: 0x000001a17b561d70
Event: 1164.717 Thread 0x000001a17b202390 Thread exited: 0x000001a17b202390
Event: 1166.220 Thread 0x000001a176af63d0 Thread exited: 0x000001a176af63d0
Event: 1279.185 Thread 0x000001a178196aa0 Thread exited: 0x000001a178196aa0


Dynamic libraries:
0x00007ff73b910000 - 0x00007ff73b91e000 	c:\Users\nikeo\.vscode\extensions\redhat.java-1.50.0-win32-x64\jre\21.0.9-win32-x86_64\bin\java.exe
0x00007ff923f00000 - 0x00007ff924168000 	C:\WINDOWS\SYSTEM32\ntdll.dll
0x00007ff922180000 - 0x00007ff922249000 	C:\WINDOWS\System32\KERNEL32.DLL
0x00007ff921130000 - 0x00007ff921522000 	C:\WINDOWS\System32\KERNELBASE.dll
0x00007ff921530000 - 0x00007ff92167b000 	C:\WINDOWS\System32\ucrtbase.dll
0x00007ff918c70000 - 0x00007ff918c88000 	c:\Users\nikeo\.vscode\extensions\redhat.java-1.50.0-win32-x64\jre\21.0.9-win32-x86_64\bin\jli.dll
0x00007ff922fb0000 - 0x00007ff923175000 	C:\WINDOWS\System32\USER32.dll
0x00007ff910e50000 - 0x00007ff910e6e000 	c:\Users\nikeo\.vscode\extensions\redhat.java-1.50.0-win32-x64\jre\21.0.9-win32-x86_64\bin\VCRUNTIME140.dll
0x00007ff921880000 - 0x00007ff9218a7000 	C:\WINDOWS\System32\win32u.dll
0x00007ff9096a0000 - 0x00007ff909933000 	C:\WINDOWS\WinSxS\amd64_microsoft.windows.common-controls_6595b64144ccf1df_6.0.26100.6899_none_3e0efeeae32e88c1\COMCTL32.dll
0x00007ff922980000 - 0x00007ff9229ab000 	C:\WINDOWS\System32\GDI32.dll
0x00007ff921ba0000 - 0x00007ff921ccd000 	C:\WINDOWS\System32\gdi32full.dll
0x00007ff9231a0000 - 0x00007ff923249000 	C:\WINDOWS\System32\msvcrt.dll
0x00007ff9218b0000 - 0x00007ff921953000 	C:\WINDOWS\System32\msvcp_win.dll
0x00007ff922f60000 - 0x00007ff922f8f000 	C:\WINDOWS\System32\IMM32.DLL
0x00000000605b0000 - 0x00000000605bc000 	C:\Program Files (x86)\360\Total Security\safemon\SafeWrapper.dll
0x00007ff923d30000 - 0x00007ff923de4000 	C:\WINDOWS\System32\ADVAPI32.dll
0x00007ff9222e0000 - 0x00007ff922386000 	C:\WINDOWS\System32\sechost.dll
0x00007ff9229b0000 - 0x00007ff922ac8000 	C:\WINDOWS\System32\RPCRT4.dll
0x00007ff8e9950000 - 0x00007ff8e99fc000 	C:\Program Files (x86)\360\Total Security\safemon\libzdtp64.dll
0x00007ff9235e0000 - 0x00007ff923d2d000 	C:\WINDOWS\System32\SHELL32.dll
0x00007ff921680000 - 0x00007ff9217eb000 	C:\WINDOWS\System32\wintypes.dll
0x00007ff923260000 - 0x00007ff9235db000 	C:\WINDOWS\System32\combase.dll
0x00007ff923e50000 - 0x00007ff923eb2000 	C:\WINDOWS\System32\SHLWAPI.dll
0x00007ff920b80000 - 0x00007ff920b8b000 	C:\WINDOWS\SYSTEM32\VERSION.dll
0x00007ff91b9a0000 - 0x00007ff91b9ac000 	c:\Users\nikeo\.vscode\extensions\redhat.java-1.50.0-win32-x64\jre\21.0.9-win32-x86_64\bin\vcruntime140_1.dll
0x00007ff8d6850000 - 0x00007ff8d68dd000 	c:\Users\nikeo\.vscode\extensions\redhat.java-1.50.0-win32-x64\jre\21.0.9-win32-x86_64\bin\msvcp140.dll
0x00007ff89c380000 - 0x00007ff89d120000 	c:\Users\nikeo\.vscode\extensions\redhat.java-1.50.0-win32-x64\jre\21.0.9-win32-x86_64\bin\server\jvm.dll
0x00007ff921cd0000 - 0x00007ff921d44000 	C:\WINDOWS\System32\WS2_32.dll
0x00007ff920f10000 - 0x00007ff920f6e000 	C:\WINDOWS\SYSTEM32\POWRPROF.dll
0x00007ff909f10000 - 0x00007ff909f45000 	C:\WINDOWS\SYSTEM32\WINMM.dll
0x00007ff920ef0000 - 0x00007ff920f04000 	C:\WINDOWS\SYSTEM32\UMPDC.dll
0x00007ff91fdf0000 - 0x00007ff91fe0b000 	C:\WINDOWS\SYSTEM32\kernel.appcore.dll
0x00007ff90e120000 - 0x00007ff90e12a000 	c:\Users\nikeo\.vscode\extensions\redhat.java-1.50.0-win32-x64\jre\21.0.9-win32-x86_64\bin\jimage.dll
0x00007ff91e910000 - 0x00007ff91eb52000 	C:\WINDOWS\SYSTEM32\DBGHELP.DLL
0x00007ff922570000 - 0x00007ff922647000 	C:\WINDOWS\System32\OLEAUT32.dll
0x00007ff8f93b0000 - 0x00007ff8f93ec000 	C:\WINDOWS\SYSTEM32\dbgcore.DLL
0x00007ff921090000 - 0x00007ff921128000 	C:\WINDOWS\System32\bcryptPrimitives.dll
0x00007ff90e110000 - 0x00007ff90e11f000 	c:\Users\nikeo\.vscode\extensions\redhat.java-1.50.0-win32-x64\jre\21.0.9-win32-x86_64\bin\instrument.dll
0x00007ff90bf20000 - 0x00007ff90bf40000 	c:\Users\nikeo\.vscode\extensions\redhat.java-1.50.0-win32-x64\jre\21.0.9-win32-x86_64\bin\java.dll
0x00007ff91ec40000 - 0x00007ff91f49d000 	C:\WINDOWS\SYSTEM32\windows.storage.dll
0x00007ff922460000 - 0x00007ff922552000 	C:\WINDOWS\System32\SHCORE.dll
0x00007ff920fb0000 - 0x00007ff920fd9000 	C:\WINDOWS\SYSTEM32\profapi.dll
0x00007ff8f96e0000 - 0x00007ff8f96f8000 	c:\Users\nikeo\.vscode\extensions\redhat.java-1.50.0-win32-x64\jre\21.0.9-win32-x86_64\bin\zip.dll
0x00007ff90c760000 - 0x00007ff90c770000 	C:\Users\nikeo\.vscode\extensions\redhat.java-1.50.0-win32-x64\jre\21.0.9-win32-x86_64\bin\net.dll
0x00007ff919090000 - 0x00007ff9191af000 	C:\WINDOWS\SYSTEM32\WINHTTP.dll
0x00007ff920360000 - 0x00007ff9203cb000 	C:\WINDOWS\system32\mswsock.dll
0x00007ff8f9650000 - 0x00007ff8f9666000 	C:\Users\nikeo\.vscode\extensions\redhat.java-1.50.0-win32-x64\jre\21.0.9-win32-x86_64\bin\nio.dll
0x00007ff90c740000 - 0x00007ff90c750000 	c:\Users\nikeo\.vscode\extensions\redhat.java-1.50.0-win32-x64\jre\21.0.9-win32-x86_64\bin\verify.dll
0x00007ff8d9650000 - 0x00007ff8d9694000 	C:\Users\nikeo\AppData\Roaming\Code\User\globalStorage\redhat.java\1.50.0\config_win\org.eclipse.equinox.launcher\org.eclipse.equinox.launcher.win32.win32.x86_64_1.2.1400.v20250801-0854\eclipse_11916.dll
0x00007ff922680000 - 0x00007ff922818000 	C:\WINDOWS\System32\ole32.dll
0x00007ff920620000 - 0x00007ff92063b000 	C:\WINDOWS\SYSTEM32\CRYPTSP.dll
0x00007ff91fd50000 - 0x00007ff91fd8b000 	C:\WINDOWS\system32\rsaenh.dll
0x00007ff920400000 - 0x00007ff92042b000 	C:\WINDOWS\SYSTEM32\USERENV.dll
0x00007ff920f80000 - 0x00007ff920fa6000 	C:\WINDOWS\SYSTEM32\bcrypt.dll
0x00007ff920610000 - 0x00007ff92061c000 	C:\WINDOWS\SYSTEM32\CRYPTBASE.dll
0x00007ff91f820000 - 0x00007ff91f854000 	C:\WINDOWS\SYSTEM32\IPHLPAPI.DLL
0x00007ff9222d0000 - 0x00007ff9222da000 	C:\WINDOWS\System32\NSI.dll
0x00007ff8e77b0000 - 0x00007ff8e77f9000 	C:\Users\nikeo\AppData\Local\Temp\jna-104821434\jna3375267643800264996.dll
0x00007ff922fa0000 - 0x00007ff922fa8000 	C:\WINDOWS\System32\PSAPI.DLL
0x00007ff91a370000 - 0x00007ff91a38e000 	C:\WINDOWS\SYSTEM32\dhcpcsvc6.DLL
0x00007ff9191c0000 - 0x00007ff9191e3000 	C:\WINDOWS\SYSTEM32\dhcpcsvc.DLL
0x00007ff90c2a0000 - 0x00007ff90c2ae000 	C:\Users\nikeo\.vscode\extensions\redhat.java-1.50.0-win32-x64\jre\21.0.9-win32-x86_64\bin\sunmscapi.dll
0x00007ff921960000 - 0x00007ff921ad7000 	C:\WINDOWS\System32\CRYPT32.dll
0x00007ff920830000 - 0x00007ff920860000 	C:\WINDOWS\SYSTEM32\ncrypt.dll
0x00007ff9207e0000 - 0x00007ff92081f000 	C:\WINDOWS\SYSTEM32\NTASN1.dll
0x00007ff91f8c0000 - 0x00007ff91f9e6000 	C:\WINDOWS\SYSTEM32\DNSAPI.dll
0x00007ff918620000 - 0x00007ff91862b000 	C:\Windows\System32\rasadhlp.dll
0x00007ff91af10000 - 0x00007ff91af96000 	C:\WINDOWS\System32\fwpuclnt.dll
0x00007ff9034f0000 - 0x00007ff9034f9000 	C:\Users\nikeo\.vscode\extensions\redhat.java-1.50.0-win32-x64\jre\21.0.9-win32-x86_64\bin\extnet.dll

JVMTI agents:
c:\Users\nikeo\.vscode\extensions\redhat.java-1.50.0-win32-x64\lombok\lombok-1.18.39-4050.jar path:c:\Users\nikeo\.vscode\extensions\redhat.java-1.50.0-win32-x64\jre\21.0.9-win32-x86_64\bin\instrument.dll, loaded, initialized, instrumentlib options:none

dbghelp: loaded successfully - version: 4.0.5 - missing functions: none
symbol engine: initialized successfully - sym options: 0x614 - pdb path: .;c:\Users\nikeo\.vscode\extensions\redhat.java-1.50.0-win32-x64\jre\21.0.9-win32-x86_64\bin;C:\WINDOWS\SYSTEM32;C:\WINDOWS\WinSxS\amd64_microsoft.windows.common-controls_6595b64144ccf1df_6.0.26100.6899_none_3e0efeeae32e88c1;C:\Program Files (x86)\360\Total Security\safemon;c:\Users\nikeo\.vscode\extensions\redhat.java-1.50.0-win32-x64\jre\21.0.9-win32-x86_64\bin\server;C:\Users\nikeo\AppData\Roaming\Code\User\globalStorage\redhat.java\1.50.0\config_win\org.eclipse.equinox.launcher\org.eclipse.equinox.launcher.win32.win32.x86_64_1.2.1400.v20250801-0854;C:\Users\nikeo\AppData\Local\Temp\jna-104821434

VM Arguments:
jvm_args: --add-modules=ALL-SYSTEM --add-opens=java.base/java.util=ALL-UNNAMED --add-opens=java.base/java.lang=ALL-UNNAMED --add-opens=java.base/sun.nio.fs=ALL-UNNAMED -Declipse.application=org.eclipse.jdt.ls.core.id1 -Dosgi.bundles.defaultStartLevel=4 -Declipse.product=org.eclipse.jdt.ls.core.product -Djava.import.generatesMetadataFilesAtProjectRoot=false -DDetectVMInstallationsJob.disabled=true -Dfile.encoding=utf8 -XX:+UseParallelGC -XX:GCTimeRatio=4 -XX:AdaptiveSizePolicyWeight=90 -Dsun.zip.disableMemoryMapping=true -Xmx2G -Xms100m -Xlog:disable -javaagent:c:\Users\nikeo\.vscode\extensions\redhat.java-1.50.0-win32-x64\lombok\lombok-1.18.39-4050.jar -XX:+HeapDumpOnOutOfMemoryError -XX:HeapDumpPath=c:\Users\nikeo\AppData\Roaming\Code\User\workspaceStorage\4e98a1323564bd17954afba8d54739a7\redhat.java -Daether.dependencyCollector.impl=bf 
java_command: c:\Users\nikeo\.vscode\extensions\redhat.java-1.50.0-win32-x64\server\plugins\org.eclipse.equinox.launcher_1.7.100.v20251111-0406.jar -configuration c:\Users\nikeo\AppData\Roaming\Code\User\globalStorage\redhat.java\1.50.0\config_win -data c:\Users\nikeo\AppData\Roaming\Code\User\workspaceStorage\4e98a1323564bd17954afba8d54739a7\redhat.java\jdt_ws --pipe=\\.\pipe\lsp-b66a82012ef63d649b398dca16e13971-sock
java_class_path (initial): c:\Users\nikeo\.vscode\extensions\redhat.java-1.50.0-win32-x64\server\plugins\org.eclipse.equinox.launcher_1.7.100.v20251111-0406.jar
Launcher Type: SUN_STANDARD

[Global flags]
    uintx AdaptiveSizePolicyWeight                 = 90                                        {product} {command line}
     intx CICompilerCount                          = 4                                         {product} {ergonomic}
    uintx GCTimeRatio                              = 4                                         {product} {command line}
     bool HeapDumpOnOutOfMemoryError               = true                                   {manageable} {command line}
    ccstr HeapDumpPath                             = c:\Users\nikeo\AppData\Roaming\Code\User\workspaceStorage\4e98a1323564bd17954afba8d54739a7\redhat.java         {manageable} {command line}
   size_t InitialHeapSize                          = 104857600                                 {product} {command line}
   size_t MaxHeapSize                              = 2147483648                                {product} {command line}
   size_t MaxNewSize                               = 715653120                                 {product} {ergonomic}
   size_t MinHeapDeltaBytes                        = 524288                                    {product} {ergonomic}
   size_t MinHeapSize                              = 104857600                                 {product} {command line}
   size_t NewSize                                  = 34603008                                  {product} {ergonomic}
    uintx NonNMethodCodeHeapSize                   = 5839372                                {pd product} {ergonomic}
    uintx NonProfiledCodeHeapSize                  = 122909434                              {pd product} {ergonomic}
   size_t OldSize                                  = 70254592                                  {product} {ergonomic}
    uintx ProfiledCodeHeapSize                     = 122909434                              {pd product} {ergonomic}
    uintx ReservedCodeCacheSize                    = 251658240                              {pd product} {ergonomic}
     bool SegmentedCodeCache                       = true                                      {product} {ergonomic}
   size_t SoftMaxHeapSize                          = 2147483648                             {manageable} {ergonomic}
     bool UseCompressedOops                        = true                           {product lp64_product} {ergonomic}
     bool UseLargePagesIndividualAllocation        = false                                  {pd product} {ergonomic}
     bool UseParallelGC                            = true                                      {product} {command line}

Logging:
Log output configuration:
 #0: stdout all=off uptime,level,tags foldmultilines=false
 #1: stderr all=off uptime,level,tags foldmultilines=false

Release file:
JAVA_VERSION="21.0.9" 
MODULES="java.base java.compiler java.datatransfer java.xml java.prefs java.desktop java.instrument java.logging java.management java.security.sasl java.naming java.rmi java.management.rmi java.net.http java.scripting java.security.jgss java.transaction.xa java.sql java.sql.rowset java.xml.crypto java.se java.smartcardio jdk.accessibility jdk.internal.jvmstat jdk.attach jdk.charsets jdk.internal.opt jdk.zipfs jdk.compiler jdk.crypto.ec jdk.crypto.cryptoki jdk.crypto.mscapi jdk.dynalink jdk.internal.ed jdk.editpad jdk.hotspot.agent jdk.httpserver jdk.internal.le jdk.internal.vm.ci jdk.internal.vm.compiler jdk.internal.vm.compiler.management jdk.jartool jdk.javadoc jdk.jcmd jdk.management jdk.management.agent jdk.jconsole jdk.jdeps jdk.jdwp.agent jdk.jdi jdk.jfr jdk.jshell jdk.jsobject jdk.jstatd jdk.localedata jdk.management.jfr jdk.naming.dns jdk.naming.rmi jdk.net jdk.nio.mapmode jdk.random jdk.sctp jdk.security.auth jdk.security.jgss jdk.unsupported jdk.unsupported.desktop jdk.xml.dom" 

Environment Variables:
PATH=C:\Program Files\Common Files\Oracle\Java\javapath;C:\WINDOWS\system32;C:\WINDOWS;C:\WINDOWS\System32\Wbem;C:\WINDOWS\System32\WindowsPowerShell\v1.0\;C:\WINDOWS\System32\OpenSSH\;C:\Users\nikeo\AppData\Local\Microsoft\Windows\INetCache\IE\5IPZ3417\MinGW[1].zip\MinGW\bin;C:\MinGW\bin;C:\Program Files\Java\jdk-24\bin;C:\Program Files\Git\cmd;C:\ProgramData\ComposerSetup\bin;D:\laragon\bin\php\php-8.1.10-Win32-vs16-x64;C:\Users\nikeo\AppData\Local\Programs\Python\Python313\Scripts\;C:\Users\nikeo\AppData\Local\Programs\Python\Python313\;C:\Users\nikeo\AppData\Local\Microsoft\WindowsApps;C:\Users\nikeo\AppData\Local\Programs\Microsoft VS Code\bin;C:\MinGW\bin;C:\Users\nikeo\AppData\Roaming\Composer\vendor\bin;C:\Users\nikeo\AppData\Local\GitHubDesktop\bin
USERNAME=nikeo
OS=Windows_NT
PROCESSOR_IDENTIFIER=Intel64 Family 6 Model 154 Stepping 4, GenuineIntel
TMP=C:\Users\nikeo\AppData\Local\Temp
TEMP=C:\Users\nikeo\AppData\Local\Temp




Periodic native trim disabled

---------------  S Y S T E M  ---------------

OS:
 Windows 11 , 64 bit Build 26100 (10.0.26100.6725)
OS uptime: 2 days 9:31 hours
Hyper-V role detected

CPU: total 12 (initial active 12) (6 cores per cpu, 2 threads per core) family 6 model 154 stepping 4 microcode 0x432, cx8, cmov, fxsr, ht, mmx, 3dnowpref, sse, sse2, sse3, ssse3, sse4.1, sse4.2, popcnt, lzcnt, tsc, tscinvbit, avx, avx2, aes, erms, clmul, bmi1, bmi2, adx, sha, fma, vzeroupper, clflush, clflushopt, clwb, hv, serialize, rdtscp, rdpid, fsrm, f16c, cet_ibt, cet_ss
Processor Information for processor 0
  Max Mhz: 1500, Current Mhz: 1500, Mhz Limit: 1500
Processor Information for processor 1
  Max Mhz: 1500, Current Mhz: 1500, Mhz Limit: 1500
Processor Information for processor 2
  Max Mhz: 1500, Current Mhz: 1500, Mhz Limit: 1500
Processor Information for processor 3
  Max Mhz: 1500, Current Mhz: 1500, Mhz Limit: 1500
Processor Information for processor 4
  Max Mhz: 1500, Current Mhz: 1100, Mhz Limit: 1095
Processor Information for processor 5
  Max Mhz: 1500, Current Mhz: 1100, Mhz Limit: 1095
Processor Information for processor 6
  Max Mhz: 1500, Current Mhz: 1100, Mhz Limit: 1095
Processor Information for processor 7
  Max Mhz: 1500, Current Mhz: 1100, Mhz Limit: 1095
Processor Information for processor 8
  Max Mhz: 1500, Current Mhz: 1100, Mhz Limit: 1095
Processor Information for processor 9
  Max Mhz: 1500, Current Mhz: 1100, Mhz Limit: 1095
Processor Information for processor 10
  Max Mhz: 1500, Current Mhz: 1100, Mhz Limit: 1095
Processor Information for processor 11
  Max Mhz: 1500, Current Mhz: 1100, Mhz Limit: 1095

Memory: 4k page, system-wide physical 7933M (1128M free)
TotalPageFile size 24226M (AvailPageFile size 13M)
current process WorkingSet (physical memory assigned to process): 12M, peak: 589M
current process commit charge ("private bytes"): 1156M, peak: 1157M

vm_info: OpenJDK 64-Bit Server VM (21.0.9+10-LTS) for windows-amd64 JRE (21.0.9+10-LTS), built on 2025-10-21T00:00:00Z by "admin" with unknown MS VC++:1942

END.
