#
# There is insufficient memory for the Java Runtime Environment to continue.
# Native memory allocation (malloc) failed to allocate 32744 bytes. Error detail: Chunk::new
# Possible reasons:
#   The system is out of physical RAM or swap space
#   This process is running with CompressedOops enabled, and the Java Heap may be blocking the growth of the native heap
# Possible solutions:
#   Reduce memory load on the system
#   Increase physical memory or swap space
#   Check if swap backing store is full
#   Decrease Java heap size (-Xmx/-Xms)
#   Decrease number of Java threads
#   Decrease Java thread stack sizes (-Xss)
#   Set larger code cache with -XX:ReservedCodeCacheSize=
#   JVM is running with Unscaled Compressed Oops mode in which the Java heap is
#     placed in the first 4GB address space. The Java Heap base address is the
#     maximum limit for the native heap growth. Please use -XX:HeapBaseMinAddress
#     to set the Java Heap base and to place the Java Heap above 4GB virtual address.
# This output file may be truncated or incomplete.
#
#  Out of Memory Error (arena.cpp:168), pid=20728, tid=1528
#
# JRE version: OpenJDK Runtime Environment Temurin-21.0.9+10 (21.0.9+10) (build 21.0.9+10-LTS)
# Java VM: OpenJDK 64-Bit Server VM Temurin-21.0.9+10 (21.0.9+10-LTS, mixed mode, sharing, tiered, compressed oops, compressed class ptrs, parallel gc, windows-amd64)
# No core dump will be written. Minidumps are not enabled by default on client versions of Windows
#

---------------  S U M M A R Y ------------

Command Line: --add-modules=ALL-SYSTEM --add-opens=java.base/java.util=ALL-UNNAMED --add-opens=java.base/java.lang=ALL-UNNAMED --add-opens=java.base/sun.nio.fs=ALL-UNNAMED -Declipse.application=org.eclipse.jdt.ls.core.id1 -Dosgi.bundles.defaultStartLevel=4 -Declipse.product=org.eclipse.jdt.ls.core.product -Djava.import.generatesMetadataFilesAtProjectRoot=false -DDetectVMInstallationsJob.disabled=true -Dfile.encoding=utf8 -XX:+UseParallelGC -XX:GCTimeRatio=4 -XX:AdaptiveSizePolicyWeight=90 -Dsun.zip.disableMemoryMapping=true -Xmx2G -Xms100m -Xlog:disable -javaagent:c:\Users\nikeo\.vscode\extensions\redhat.java-1.50.0-win32-x64\lombok\lombok-1.18.39-4050.jar c:\Users\nikeo\.vscode\extensions\redhat.java-1.50.0-win32-x64\server\plugins\org.eclipse.equinox.launcher_1.7.100.v20251111-0406.jar -configuration c:\Users\nikeo\AppData\Roaming\Code\User\globalStorage\redhat.java\1.50.0\config_ss_win -data c:\Users\nikeo\AppData\Roaming\Code\User\workspaceStorage\6bcd6a5cc8e9540a52a0f73f3a93b646\redhat.java\ss_ws --pipe=\\.\pipe\lsp-d6090d8435af70e81cbf165423b5d70f-sock

Host: 12th Gen Intel(R) Core(TM) i3-1220P, 12 cores, 7G,  Windows 11 , 64 bit Build 26100 (10.0.26100.6725)
Time: Sat Nov 29 18:45:37 2025 SE Asia Standard Time elapsed time: 2.893374 seconds (0d 0h 0m 2s)

---------------  T H R E A D  ---------------

Current thread (0x0000017b6b150a30):  JavaThread "C2 CompilerThread0" daemon [_thread_in_native, id=1528, stack(0x00000012f6900000,0x00000012f6a00000) (1024K)]


Current CompileTask:
C2:2893 2512       4       org.lombokweb.asm.ClassReader::readMethod (1070 bytes)

Stack: [0x00000012f6900000,0x00000012f6a00000]
Native frames: (J=compiled Java code, j=interpreted, Vv=VM code, C=native code)
V  [jvm.dll+0x6d6e29]
V  [jvm.dll+0x8b4b76]
V  [jvm.dll+0x8b712e]
V  [jvm.dll+0x8b7813]
V  [jvm.dll+0x283d86]
V  [jvm.dll+0xc66ed]
V  [jvm.dll+0xc6c31]
V  [jvm.dll+0x3054c9]
V  [jvm.dll+0x30656c]
V  [jvm.dll+0x24d74f]
V  [jvm.dll+0x24b482]
V  [jvm.dll+0x1cb13e]
V  [jvm.dll+0x25b29d]
V  [jvm.dll+0x25982a]
V  [jvm.dll+0x3f7ea6]
V  [jvm.dll+0x85e9ad]
V  [jvm.dll+0x6d565d]
C  [ucrtbase.dll+0x37b0]
C  [KERNEL32.DLL+0x2e8d7]
C  [ntdll.dll+0x8c53c]


---------------  P R O C E S S  ---------------

Threads class SMR info:
_java_thread_list=0x0000017b723a0640, length=20, elements={
0x0000017b10192950, 0x0000017b12559370, 0x0000017b1267d6d0, 0x0000017b1255c980,
0x0000017b1255d7a0, 0x0000017b12567ac0, 0x0000017b1256d7d0, 0x0000017b6b150a30,
0x0000017b6b1524d0, 0x0000017b6b30eb90, 0x0000017b6b3c15a0, 0x0000017b6b34a650,
0x0000017b720172c0, 0x0000017b6ca8cc90, 0x0000017b7224c3b0, 0x0000017b6c6fdba0,
0x0000017b6cacde50, 0x0000017b6c9ec8e0, 0x0000017b72436fc0, 0x0000017b72167ab0
}

Java Threads: ( => current thread )
  0x0000017b10192950 JavaThread "main"                              [_thread_blocked, id=16736, stack(0x00000012f5f00000,0x00000012f6000000) (1024K)]
  0x0000017b12559370 JavaThread "Reference Handler"          daemon [_thread_blocked, id=1064, stack(0x00000012f6300000,0x00000012f6400000) (1024K)]
  0x0000017b1267d6d0 JavaThread "Finalizer"                  daemon [_thread_blocked, id=19304, stack(0x00000012f6400000,0x00000012f6500000) (1024K)]
  0x0000017b1255c980 JavaThread "Signal Dispatcher"          daemon [_thread_blocked, id=17080, stack(0x00000012f6500000,0x00000012f6600000) (1024K)]
  0x0000017b1255d7a0 JavaThread "Attach Listener"            daemon [_thread_blocked, id=7016, stack(0x00000012f6600000,0x00000012f6700000) (1024K)]
  0x0000017b12567ac0 JavaThread "Service Thread"             daemon [_thread_blocked, id=24992, stack(0x00000012f6700000,0x00000012f6800000) (1024K)]
  0x0000017b1256d7d0 JavaThread "Monitor Deflation Thread"   daemon [_thread_blocked, id=14676, stack(0x00000012f6800000,0x00000012f6900000) (1024K)]
=>0x0000017b6b150a30 JavaThread "C2 CompilerThread0"         daemon [_thread_in_native, id=1528, stack(0x00000012f6900000,0x00000012f6a00000) (1024K)]
  0x0000017b6b1524d0 JavaThread "C1 CompilerThread0"         daemon [_thread_in_native, id=36944, stack(0x00000012f6a00000,0x00000012f6b00000) (1024K)]
  0x0000017b6b30eb90 JavaThread "Common-Cleaner"             daemon [_thread_blocked, id=23200, stack(0x00000012f6b00000,0x00000012f6c00000) (1024K)]
  0x0000017b6b3c15a0 JavaThread "C2 CompilerThread1"         daemon [_thread_in_native, id=37664, stack(0x00000012f6c00000,0x00000012f6d00000) (1024K)]
  0x0000017b6b34a650 JavaThread "Notification Thread"        daemon [_thread_blocked, id=35728, stack(0x00000012f6d00000,0x00000012f6e00000) (1024K)]
  0x0000017b720172c0 JavaThread "Active Thread: Equinox Container: 6569f855-dfb7-4aea-8820-de5913e8fac2"        [_thread_blocked, id=13980, stack(0x00000012f7500000,0x00000012f7600000) (1024K)]
  0x0000017b6ca8cc90 JavaThread "Framework Event Dispatcher: Equinox Container: 6569f855-dfb7-4aea-8820-de5913e8fac2" daemon [_thread_blocked, id=17472, stack(0x00000012f7600000,0x00000012f7700000) (1024K)]
  0x0000017b7224c3b0 JavaThread "Start Level: Equinox Container: 6569f855-dfb7-4aea-8820-de5913e8fac2" daemon [_thread_in_vm, id=19148, stack(0x00000012f7700000,0x00000012f7800000) (1024K)]
  0x0000017b6c6fdba0 JavaThread "SCR Component Actor"        daemon [_thread_blocked, id=28032, stack(0x00000012f7900000,0x00000012f7a00000) (1024K)]
  0x0000017b6cacde50 JavaThread "Worker-JM"                         [_thread_blocked, id=12352, stack(0x00000012f6e00000,0x00000012f6f00000) (1024K)]
  0x0000017b6c9ec8e0 JavaThread "Worker-0"                          [_thread_blocked, id=33880, stack(0x00000012f7c00000,0x00000012f7d00000) (1024K)]
  0x0000017b72436fc0 JavaThread "Worker-1"                          [_thread_blocked, id=18964, stack(0x00000012f7d00000,0x00000012f7e00000) (1024K)]
  0x0000017b72167ab0 JavaThread "C2 CompilerThread2"         daemon [_thread_in_native, id=37636, stack(0x00000012f7e00000,0x00000012f7f00000) (1024K)]
Total: 20

Other Threads:
  0x0000017b6b142a40 VMThread "VM Thread"                           [id=11876, stack(0x00000012f6200000,0x00000012f6300000) (1024K)]
  0x0000017b1244ca00 WatcherThread "VM Periodic Task Thread"        [id=20252, stack(0x00000012f6100000,0x00000012f6200000) (1024K)]
  0x0000017b12600540 WorkerThread "GC Thread#0"                     [id=12268, stack(0x00000012f6000000,0x00000012f6100000) (1024K)]
  0x0000017b6c7133d0 WorkerThread "GC Thread#1"                     [id=21552, stack(0x00000012f6f00000,0x00000012f7000000) (1024K)]
  0x0000017b6c708d60 WorkerThread "GC Thread#2"                     [id=37228, stack(0x00000012f7000000,0x00000012f7100000) (1024K)]
  0x0000017b6c6d6090 WorkerThread "GC Thread#3"                     [id=28952, stack(0x00000012f7100000,0x00000012f7200000) (1024K)]
  0x0000017b6c6d6430 WorkerThread "GC Thread#4"                     [id=18808, stack(0x00000012f7200000,0x00000012f7300000) (1024K)]
  0x0000017b6c902200 WorkerThread "GC Thread#5"                     [id=3744, stack(0x00000012f7300000,0x00000012f7400000) (1024K)]
  0x0000017b6c9025a0 WorkerThread "GC Thread#6"                     [id=34508, stack(0x00000012f7400000,0x00000012f7500000) (1024K)]
  0x0000017b7203f670 WorkerThread "GC Thread#7"                     [id=11760, stack(0x00000012f7800000,0x00000012f7900000) (1024K)]
  0x0000017b7203fa10 WorkerThread "GC Thread#8"                     [id=25760, stack(0x00000012f7a00000,0x00000012f7b00000) (1024K)]
  0x0000017b7203f2d0 WorkerThread "GC Thread#9"                     [id=11648, stack(0x00000012f7b00000,0x00000012f7c00000) (1024K)]
Total: 12

Threads with active compile tasks:
C2 CompilerThread0  2968 2512       4       org.lombokweb.asm.ClassReader::readMethod (1070 bytes)
C1 CompilerThread0  2968 2537       3       org.lombokweb.asm.ClassReader::readStackMapFrame (535 bytes)
C2 CompilerThread1  2968 2534       4       org.lombokweb.asm.MethodWriter::<init> (232 bytes)
C2 CompilerThread2  2968 2532       4       lombok.patcher.PatchScript$MethodPatcher::visitMethod (158 bytes)
Total: 4

VM state: not at safepoint (normal execution)

VM Mutex/Monitor currently owned by a thread:  ([mutex/lock_event])
[0x00007ff89840b4f0] Metaspace_lock - owner thread: 0x0000017b7224c3b0

Heap address: 0x0000000080000000, size: 2048 MB, Compressed Oops mode: 32-bit

CDS archive(s) mapped at: [0x0000017b29000000-0x0000017b29ba0000-0x0000017b29ba0000), size 12189696, SharedBaseAddress: 0x0000017b29000000, ArchiveRelocationMode: 1.
Compressed class space mapped at: 0x0000017b2a000000-0x0000017b6a000000, reserved size: 1073741824
Narrow klass base: 0x0000017b29000000, Narrow klass shift: 0, Narrow klass range: 0x100000000

GC Precious Log:
 CardTable entry size: 512
 CPUs: 12 total, 12 available
 Memory: 7933M
 Large Page Support: Disabled
 NUMA Support: Disabled
 Compressed Oops: Enabled (32-bit)
 Alignments: Space 512K, Generation 512K, Heap 2M
 Heap Min Capacity: 100M
 Heap Initial Capacity: 100M
 Heap Max Capacity: 2G
 Pre-touch: Disabled
 Parallel Workers: 10

Heap:
 PSYoungGen      total 29696K, used 27783K [0x00000000d5580000, 0x00000000d7680000, 0x0000000100000000)
  eden space 25600K, 92% used [0x00000000d5580000,0x00000000d6ca9300,0x00000000d6e80000)
  from space 4096K, 99% used [0x00000000d7280000,0x00000000d76789a8,0x00000000d7680000)
  to   space 4096K, 0% used [0x00000000d6e80000,0x00000000d6e80000,0x00000000d7280000)
 ParOldGen       total 68608K, used 4918K [0x0000000080000000, 0x0000000084300000, 0x00000000d5580000)
  object space 68608K, 7% used [0x0000000080000000,0x00000000804cdae8,0x0000000084300000)
 Metaspace       used 19969K, committed 20608K, reserved 1114112K
  class space    used 1964K, committed 2240K, reserved 1048576K

Card table byte_map: [0x0000017b11f60000,0x0000017b12370000] _byte_map_base: 0x0000017b11b60000

Marking Bits: (ParMarkBitMap*) 0x00007ff898412460
 Begin Bits: [0x0000017b24a70000, 0x0000017b26a70000)
 End Bits:   [0x0000017b26a70000, 0x0000017b28a70000)

Polling page: 0x0000017b11b90000

Metaspace:

Usage:
  Non-class:     17.58 MB used.
      Class:      1.92 MB used.
       Both:     19.50 MB used.

Virtual space:
  Non-class space:       64.00 MB reserved,      17.94 MB ( 28%) committed,  1 nodes.
      Class space:        1.00 GB reserved,       2.19 MB ( <1%) committed,  1 nodes.
             Both:        1.06 GB reserved,      20.12 MB (  2%) committed. 

Chunk freelists:
   Non-Class:  13.23 MB
       Class:  13.65 MB
        Both:  26.89 MB

MaxMetaspaceSize: unlimited
CompressedClassSpaceSize: 1.00 GB
Initial GC threshold: 21.00 MB
Current GC threshold: 21.00 MB
CDS: on
 - commit_granule_bytes: 65536.
 - commit_granule_words: 8192.
 - virtual_space_node_default_size: 8388608.
 - enlarge_chunks_in_place: 1.
 - use_allocation_guard: 0.


Internal statistics:

num_allocs_failed_limit: 0.
num_arena_births: 448.
num_arena_deaths: 0.
num_vsnodes_births: 2.
num_vsnodes_deaths: 0.
num_space_committed: 322.
num_space_uncommitted: 0.
num_chunks_returned_to_freelist: 0.
num_chunks_taken_from_freelist: 1171.
num_chunk_merges: 0.
num_chunk_splits: 767.
num_chunks_enlarged: 514.
num_inconsistent_stats: 0.

CodeHeap 'non-profiled nmethods': size=120000Kb used=1097Kb max_used=1097Kb free=118902Kb
 bounds [0x0000017b1d290000, 0x0000017b1d500000, 0x0000017b247c0000]
CodeHeap 'profiled nmethods': size=120000Kb used=4931Kb max_used=4931Kb free=115068Kb
 bounds [0x0000017b157c0000, 0x0000017b15ca0000, 0x0000017b1ccf0000]
CodeHeap 'non-nmethods': size=5760Kb used=1305Kb max_used=1332Kb free=4454Kb
 bounds [0x0000017b1ccf0000, 0x0000017b1cf60000, 0x0000017b1d290000]
CodeCache: size=245760Kb, used=7333Kb, max_used=7360Kb, free=238424Kb
 total_blobs=3114, nmethods=2530, adapters=490, full_count=0
Compilation: enabled, stopped_count=0, restarted_count=0

Compilation events (20 events):
Event: 2.851 Thread 0x0000017b6b1524d0 2525       3       org.lombokweb.asm.MethodWriter::visitFrame (811 bytes)
Event: 2.854 Thread 0x0000017b6b1524d0 nmethod 2525 0x0000017b15c88c90 code [0x0000017b15c891c0, 0x0000017b15c8b410]
Event: 2.854 Thread 0x0000017b6b1524d0 2528       3       org.lombokweb.asm.Label::put (83 bytes)
Event: 2.855 Thread 0x0000017b6b1524d0 nmethod 2528 0x0000017b15c8c310 code [0x0000017b15c8c540, 0x0000017b15c8c970]
Event: 2.855 Thread 0x0000017b6b1524d0 2526       3       org.lombokweb.asm.MethodWriter::visitFieldInsn (258 bytes)
Event: 2.856 Thread 0x0000017b6b1524d0 nmethod 2526 0x0000017b15c8cb10 code [0x0000017b15c8cd80, 0x0000017b15c8d930]
Event: 2.857 Thread 0x0000017b6b1524d0 2527       3       org.lombokweb.asm.SymbolTable::addConstantFieldref (10 bytes)
Event: 2.857 Thread 0x0000017b6b1524d0 nmethod 2527 0x0000017b15c8dd90 code [0x0000017b15c8df40, 0x0000017b15c8e098]
Event: 2.857 Thread 0x0000017b6b1524d0 2530       3       org.lombokweb.asm.MethodVisitor::visitFieldInsn (20 bytes)
Event: 2.857 Thread 0x0000017b6b1524d0 nmethod 2530 0x0000017b15c8e190 code [0x0000017b15c8e340, 0x0000017b15c8e548]
Event: 2.857 Thread 0x0000017b6b1524d0 2529       3       org.lombokweb.asm.MethodWriter::visitJumpInsn (495 bytes)
Event: 2.859 Thread 0x0000017b6b1524d0 nmethod 2529 0x0000017b15c8e610 code [0x0000017b15c8e960, 0x0000017b15c8f968]
Event: 2.859 Thread 0x0000017b6b1524d0 2531       3       lombok.patcher.Hook::convertType (64 bytes)
Event: 2.860 Thread 0x0000017b6b1524d0 nmethod 2531 0x0000017b15c8ff90 code [0x0000017b15c901e0, 0x0000017b15c908e8]
Event: 2.861 Thread 0x0000017b72167ab0 nmethod 2522 0x0000017b1d3a0990 code [0x0000017b1d3a0b40, 0x0000017b1d3a0e98]
Event: 2.861 Thread 0x0000017b72167ab0 2524       4       org.lombokweb.asm.MethodVisitor::<init> (79 bytes)
Event: 2.862 Thread 0x0000017b72167ab0 nmethod 2524 0x0000017b1d3a1190 code [0x0000017b1d3a1320, 0x0000017b1d3a13f0]
Event: 2.862 Thread 0x0000017b72167ab0 2532       4       lombok.patcher.PatchScript$MethodPatcher::visitMethod (158 bytes)
Event: 2.863 Thread 0x0000017b6b3c15a0 nmethod 2523 0x0000017b1d3a1490 code [0x0000017b1d3a16c0, 0x0000017b1d3a1f98]
Event: 2.863 Thread 0x0000017b6b3c15a0 2534       4       org.lombokweb.asm.MethodWriter::<init> (232 bytes)

GC Heap History (8 events):
Event: 0.808 GC heap before
{Heap before GC invocations=1 (full 0):
 PSYoungGen      total 29696K, used 25600K [0x00000000d5580000, 0x00000000d7680000, 0x0000000100000000)
  eden space 25600K, 100% used [0x00000000d5580000,0x00000000d6e80000,0x00000000d6e80000)
  from space 4096K, 0% used [0x00000000d7280000,0x00000000d7280000,0x00000000d7680000)
  to   space 4096K, 0% used [0x00000000d6e80000,0x00000000d6e80000,0x00000000d7280000)
 ParOldGen       total 68608K, used 0K [0x0000000080000000, 0x0000000084300000, 0x00000000d5580000)
  object space 68608K, 0% used [0x0000000080000000,0x0000000080000000,0x0000000084300000)
 Metaspace       used 4326K, committed 4544K, reserved 1114112K
  class space    used 473K, committed 576K, reserved 1048576K
}
Event: 0.815 GC heap after
{Heap after GC invocations=1 (full 0):
 PSYoungGen      total 29696K, used 3271K [0x00000000d5580000, 0x00000000d7680000, 0x0000000100000000)
  eden space 25600K, 0% used [0x00000000d5580000,0x00000000d5580000,0x00000000d6e80000)
  from space 4096K, 79% used [0x00000000d6e80000,0x00000000d71b1e98,0x00000000d7280000)
  to   space 4096K, 0% used [0x00000000d7280000,0x00000000d7280000,0x00000000d7680000)
 ParOldGen       total 68608K, used 16K [0x0000000080000000, 0x0000000084300000, 0x00000000d5580000)
  object space 68608K, 0% used [0x0000000080000000,0x0000000080004000,0x0000000084300000)
 Metaspace       used 4326K, committed 4544K, reserved 1114112K
  class space    used 473K, committed 576K, reserved 1048576K
}
Event: 1.521 GC heap before
{Heap before GC invocations=2 (full 0):
 PSYoungGen      total 29696K, used 28871K [0x00000000d5580000, 0x00000000d7680000, 0x0000000100000000)
  eden space 25600K, 100% used [0x00000000d5580000,0x00000000d6e80000,0x00000000d6e80000)
  from space 4096K, 79% used [0x00000000d6e80000,0x00000000d71b1e98,0x00000000d7280000)
  to   space 4096K, 0% used [0x00000000d7280000,0x00000000d7280000,0x00000000d7680000)
 ParOldGen       total 68608K, used 16K [0x0000000080000000, 0x0000000084300000, 0x00000000d5580000)
  object space 68608K, 0% used [0x0000000080000000,0x0000000080004000,0x0000000084300000)
 Metaspace       used 8261K, committed 8576K, reserved 1114112K
  class space    used 883K, committed 1024K, reserved 1048576K
}
Event: 1.525 GC heap after
{Heap after GC invocations=2 (full 0):
 PSYoungGen      total 29696K, used 4093K [0x00000000d5580000, 0x00000000d7680000, 0x0000000100000000)
  eden space 25600K, 0% used [0x00000000d5580000,0x00000000d5580000,0x00000000d6e80000)
  from space 4096K, 99% used [0x00000000d7280000,0x00000000d767f680,0x00000000d7680000)
  to   space 4096K, 0% used [0x00000000d6e80000,0x00000000d6e80000,0x00000000d7280000)
 ParOldGen       total 68608K, used 930K [0x0000000080000000, 0x0000000084300000, 0x00000000d5580000)
  object space 68608K, 1% used [0x0000000080000000,0x00000000800e8840,0x0000000084300000)
 Metaspace       used 8261K, committed 8576K, reserved 1114112K
  class space    used 883K, committed 1024K, reserved 1048576K
}
Event: 2.071 GC heap before
{Heap before GC invocations=3 (full 0):
 PSYoungGen      total 29696K, used 29693K [0x00000000d5580000, 0x00000000d7680000, 0x0000000100000000)
  eden space 25600K, 100% used [0x00000000d5580000,0x00000000d6e80000,0x00000000d6e80000)
  from space 4096K, 99% used [0x00000000d7280000,0x00000000d767f680,0x00000000d7680000)
  to   space 4096K, 0% used [0x00000000d6e80000,0x00000000d6e80000,0x00000000d7280000)
 ParOldGen       total 68608K, used 930K [0x0000000080000000, 0x0000000084300000, 0x00000000d5580000)
  object space 68608K, 1% used [0x0000000080000000,0x00000000800e8840,0x0000000084300000)
 Metaspace       used 13007K, committed 13440K, reserved 1114112K
  class space    used 1384K, committed 1600K, reserved 1048576K
}
Event: 2.076 GC heap after
{Heap after GC invocations=3 (full 0):
 PSYoungGen      total 29696K, used 4086K [0x00000000d5580000, 0x00000000d7680000, 0x0000000100000000)
  eden space 25600K, 0% used [0x00000000d5580000,0x00000000d5580000,0x00000000d6e80000)
  from space 4096K, 99% used [0x00000000d6e80000,0x00000000d727daa0,0x00000000d7280000)
  to   space 4096K, 0% used [0x00000000d7280000,0x00000000d7280000,0x00000000d7680000)
 ParOldGen       total 68608K, used 2788K [0x0000000080000000, 0x0000000084300000, 0x00000000d5580000)
  object space 68608K, 4% used [0x0000000080000000,0x00000000802b90e8,0x0000000084300000)
 Metaspace       used 13007K, committed 13440K, reserved 1114112K
  class space    used 1384K, committed 1600K, reserved 1048576K
}
Event: 2.484 GC heap before
{Heap before GC invocations=4 (full 0):
 PSYoungGen      total 29696K, used 29686K [0x00000000d5580000, 0x00000000d7680000, 0x0000000100000000)
  eden space 25600K, 100% used [0x00000000d5580000,0x00000000d6e80000,0x00000000d6e80000)
  from space 4096K, 99% used [0x00000000d6e80000,0x00000000d727daa0,0x00000000d7280000)
  to   space 4096K, 0% used [0x00000000d7280000,0x00000000d7280000,0x00000000d7680000)
 ParOldGen       total 68608K, used 2788K [0x0000000080000000, 0x0000000084300000, 0x00000000d5580000)
  object space 68608K, 4% used [0x0000000080000000,0x00000000802b90e8,0x0000000084300000)
 Metaspace       used 15959K, committed 16576K, reserved 1114112K
  class space    used 1671K, committed 1920K, reserved 1048576K
}
Event: 2.488 GC heap after
{Heap after GC invocations=4 (full 0):
 PSYoungGen      total 29696K, used 4066K [0x00000000d5580000, 0x00000000d7680000, 0x0000000100000000)
  eden space 25600K, 0% used [0x00000000d5580000,0x00000000d5580000,0x00000000d6e80000)
  from space 4096K, 99% used [0x00000000d7280000,0x00000000d76789a8,0x00000000d7680000)
  to   space 4096K, 0% used [0x00000000d6e80000,0x00000000d6e80000,0x00000000d7280000)
 ParOldGen       total 68608K, used 4918K [0x0000000080000000, 0x0000000084300000, 0x00000000d5580000)
  object space 68608K, 7% used [0x0000000080000000,0x00000000804cdae8,0x0000000084300000)
 Metaspace       used 15959K, committed 16576K, reserved 1114112K
  class space    used 1671K, committed 1920K, reserved 1048576K
}

Dll operation events (11 events):
Event: 0.011 Loaded shared library c:\Users\nikeo\.vscode\extensions\redhat.java-1.50.0-win32-x64\jre\21.0.9-win32-x86_64\bin\java.dll
Event: 0.087 Loaded shared library c:\Users\nikeo\.vscode\extensions\redhat.java-1.50.0-win32-x64\jre\21.0.9-win32-x86_64\bin\zip.dll
Event: 0.116 Loaded shared library C:\Users\nikeo\.vscode\extensions\redhat.java-1.50.0-win32-x64\jre\21.0.9-win32-x86_64\bin\instrument.dll
Event: 0.123 Loaded shared library C:\Users\nikeo\.vscode\extensions\redhat.java-1.50.0-win32-x64\jre\21.0.9-win32-x86_64\bin\net.dll
Event: 0.127 Loaded shared library C:\Users\nikeo\.vscode\extensions\redhat.java-1.50.0-win32-x64\jre\21.0.9-win32-x86_64\bin\nio.dll
Event: 0.131 Loaded shared library C:\Users\nikeo\.vscode\extensions\redhat.java-1.50.0-win32-x64\jre\21.0.9-win32-x86_64\bin\zip.dll
Event: 0.149 Loaded shared library C:\Users\nikeo\.vscode\extensions\redhat.java-1.50.0-win32-x64\jre\21.0.9-win32-x86_64\bin\jimage.dll
Event: 0.236 Loaded shared library c:\Users\nikeo\.vscode\extensions\redhat.java-1.50.0-win32-x64\jre\21.0.9-win32-x86_64\bin\verify.dll
Event: 1.483 Loaded shared library C:\Users\nikeo\AppData\Roaming\Code\User\globalStorage\redhat.java\1.50.0\config_ss_win\org.eclipse.equinox.launcher\org.eclipse.equinox.launcher.win32.win32.x86_64_1.2.1400.v20250801-0854\eclipse_11916.dll
Event: 2.097 Loaded shared library C:\Users\nikeo\.vscode\extensions\redhat.java-1.50.0-win32-x64\jre\21.0.9-win32-x86_64\bin\management.dll
Event: 2.102 Loaded shared library C:\Users\nikeo\.vscode\extensions\redhat.java-1.50.0-win32-x64\jre\21.0.9-win32-x86_64\bin\management_ext.dll

Deoptimization events (20 events):
Event: 2.363 Thread 0x0000017b7224c3b0 DEOPT PACKING pc=0x0000017b1d382f64 sp=0x00000012f77f3760
Event: 2.363 Thread 0x0000017b7224c3b0 DEOPT UNPACKING pc=0x0000017b1cd43aa2 sp=0x00000012f77f3730 mode 2
Event: 2.363 Thread 0x0000017b7224c3b0 Uncommon trap: trap_request=0xffffffde fr.pc=0x0000017b1d382194 relative=0x00000000000003b4
Event: 2.363 Thread 0x0000017b7224c3b0 Uncommon trap: reason=class_check action=maybe_recompile pc=0x0000017b1d382194 method=java.util.regex.Pattern$BmpCharPropertyGreedy.match(Ljava/util/regex/Matcher;ILjava/lang/CharSequence;)Z @ 70 c2
Event: 2.363 Thread 0x0000017b7224c3b0 DEOPT PACKING pc=0x0000017b1d382194 sp=0x00000012f77f33c0
Event: 2.363 Thread 0x0000017b7224c3b0 DEOPT UNPACKING pc=0x0000017b1cd43aa2 sp=0x00000012f77f3368 mode 2
Event: 2.363 Thread 0x0000017b7224c3b0 Uncommon trap: trap_request=0xffffffde fr.pc=0x0000017b1d382194 relative=0x00000000000003b4
Event: 2.363 Thread 0x0000017b7224c3b0 Uncommon trap: reason=class_check action=maybe_recompile pc=0x0000017b1d382194 method=java.util.regex.Pattern$BmpCharPropertyGreedy.match(Ljava/util/regex/Matcher;ILjava/lang/CharSequence;)Z @ 70 c2
Event: 2.363 Thread 0x0000017b7224c3b0 DEOPT PACKING pc=0x0000017b1d382194 sp=0x00000012f77f3210
Event: 2.363 Thread 0x0000017b7224c3b0 DEOPT UNPACKING pc=0x0000017b1cd43aa2 sp=0x00000012f77f31b8 mode 2
Event: 2.446 Thread 0x0000017b7224c3b0 Uncommon trap: trap_request=0xffffff45 fr.pc=0x0000017b1d3941ac relative=0x00000000000007ac
Event: 2.446 Thread 0x0000017b7224c3b0 Uncommon trap: reason=unstable_if action=reinterpret pc=0x0000017b1d3941ac method=org.lombokweb.asm.ClassReader.readUTF8(I[C)Ljava/lang/String; @ 11 c2
Event: 2.446 Thread 0x0000017b7224c3b0 DEOPT PACKING pc=0x0000017b1d3941ac sp=0x00000012f77ef730
Event: 2.446 Thread 0x0000017b7224c3b0 DEOPT UNPACKING pc=0x0000017b1cd43aa2 sp=0x00000012f77ef718 mode 2
Event: 2.678 Thread 0x0000017b7224c3b0 DEOPT PACKING pc=0x0000017b15870d39 sp=0x00000012f77f08b0
Event: 2.678 Thread 0x0000017b7224c3b0 DEOPT UNPACKING pc=0x0000017b1cd44242 sp=0x00000012f77efdb0 mode 0
Event: 2.797 Thread 0x0000017b7224c3b0 Uncommon trap: trap_request=0xffffff45 fr.pc=0x0000017b1d39efa4 relative=0x0000000000000364
Event: 2.797 Thread 0x0000017b7224c3b0 Uncommon trap: reason=unstable_if action=reinterpret pc=0x0000017b1d39efa4 method=org.lombokweb.asm.Label.resolve([BLorg/lombokweb/asm/ByteVector;I)Z @ 81 c2
Event: 2.797 Thread 0x0000017b7224c3b0 DEOPT PACKING pc=0x0000017b1d39efa4 sp=0x00000012f77eec70
Event: 2.797 Thread 0x0000017b7224c3b0 DEOPT UNPACKING pc=0x0000017b1cd43aa2 sp=0x00000012f77eeb78 mode 2

Classes loaded (20 events):
Event: 2.385 Loading class java/io/StringReader
Event: 2.385 Loading class java/io/StringReader done
Event: 2.391 Loading class java/util/zip/GZIPInputStream
Event: 2.391 Loading class java/util/zip/GZIPInputStream done
Event: 2.395 Loading class java/net/SocketTimeoutException
Event: 2.395 Loading class java/io/InterruptedIOException
Event: 2.395 Loading class java/io/InterruptedIOException done
Event: 2.395 Loading class java/net/SocketTimeoutException done
Event: 2.395 Loading class java/net/SocketException
Event: 2.395 Loading class java/net/SocketException done
Event: 2.395 Loading class java/net/UnknownHostException
Event: 2.395 Loading class java/net/UnknownHostException done
Event: 2.395 Loading class java/net/ProtocolException
Event: 2.395 Loading class java/net/ProtocolException done
Event: 2.419 Loading class java/lang/ThreadLocal$SuppliedThreadLocal
Event: 2.419 Loading class java/lang/ThreadLocal$SuppliedThreadLocal done
Event: 2.506 Loading class java/io/FileWriter
Event: 2.506 Loading class java/io/FileWriter done
Event: 2.510 Loading class java/lang/NegativeArraySizeException
Event: 2.510 Loading class java/lang/NegativeArraySizeException done

Classes unloaded (0 events):
No events

Classes redefined (0 events):
No events

Internal exceptions (20 events):
Event: 2.254 Thread 0x0000017b7224c3b0 Exception <a 'java/lang/NoSuchMethodError'{0x00000000d5c2a090}: 'java.lang.Object java.lang.invoke.DirectMethodHandle$Holder.newInvokeSpecial(java.lang.Object, java.lang.Object, java.lang.Object, java.lang.Object, java.lang.Object)'> (0x00000000d5c2a090) 
thrown [s\src\hotspot\share\interpreter\linkResolver.cpp, line 773]
Event: 2.272 Thread 0x0000017b7224c3b0 Exception <a 'java/lang/NoSuchMethodError'{0x00000000d5d09590}: 'java.lang.Object java.lang.invoke.DirectMethodHandle$Holder.invokeSpecial(java.lang.Object, java.lang.Object, java.lang.Object, long, java.lang.Object)'> (0x00000000d5d09590) 
thrown [s\src\hotspot\share\interpreter\linkResolver.cpp, line 773]
Event: 2.273 Thread 0x0000017b7224c3b0 Exception <a 'java/lang/NoSuchMethodError'{0x00000000d5d10dd8}: 'java.lang.Object java.lang.invoke.DirectMethodHandle$Holder.newInvokeSpecial(java.lang.Object, java.lang.Object, java.lang.Object, long)'> (0x00000000d5d10dd8) 
thrown [s\src\hotspot\share\interpreter\linkResolver.cpp, line 773]
Event: 2.273 Thread 0x0000017b7224c3b0 Exception <a 'java/lang/NoSuchMethodError'{0x00000000d5d15188}: 'java.lang.Object java.lang.invoke.DirectMethodHandle$Holder.invokeSpecial(java.lang.Object, java.lang.Object, java.lang.Object, java.lang.Object, long)'> (0x00000000d5d15188) 
thrown [s\src\hotspot\share\interpreter\linkResolver.cpp, line 773]
Event: 2.273 Thread 0x0000017b7224c3b0 Exception <a 'java/lang/NoSuchMethodError'{0x00000000d5d18da8}: 'java.lang.Object java.lang.invoke.Invokers$Holder.linkToTargetMethod(java.lang.Object, java.lang.Object, long, java.lang.Object)'> (0x00000000d5d18da8) 
thrown [s\src\hotspot\share\interpreter\linkResolver.cpp, line 773]
Event: 2.295 Thread 0x0000017b7224c3b0 Exception <a 'java/lang/IncompatibleClassChangeError'{0x00000000d5e19188}: Found class java.lang.Object, but interface was expected> (0x00000000d5e19188) 
thrown [s\src\hotspot\share\interpreter\linkResolver.cpp, line 840]
Event: 2.295 Thread 0x0000017b7224c3b0 Exception <a 'java/lang/NoSuchMethodError'{0x00000000d5e1cdb0}: 'java.lang.Object java.lang.invoke.DirectMethodHandle$Holder.invokeSpecial(java.lang.Object, java.lang.Object, java.lang.Object, int, java.lang.Object, java.lang.Object)'> (0x00000000d5e1cdb0) 
thrown [s\src\hotspot\share\interpreter\linkResolver.cpp, line 773]
Event: 2.296 Thread 0x0000017b7224c3b0 Exception <a 'java/lang/NoSuchMethodError'{0x00000000d5e24888}: 'java.lang.Object java.lang.invoke.DirectMethodHandle$Holder.newInvokeSpecial(java.lang.Object, java.lang.Object, java.lang.Object, int, java.lang.Object)'> (0x00000000d5e24888) 
thrown [s\src\hotspot\share\interpreter\linkResolver.cpp, line 773]
Event: 2.296 Thread 0x0000017b7224c3b0 Exception <a 'java/lang/NoSuchMethodError'{0x00000000d5e36850}: 'java.lang.Object java.lang.invoke.DirectMethodHandle$Holder.invokeSpecial(java.lang.Object, java.lang.Object, java.lang.Object, java.lang.Object, int, java.lang.Object)'> (0x00000000d5e36850) 
thrown [s\src\hotspot\share\interpreter\linkResolver.cpp, line 773]
Event: 2.296 Thread 0x0000017b7224c3b0 Exception <a 'java/lang/NoSuchMethodError'{0x00000000d5e3a390}: 'java.lang.Object java.lang.invoke.Invokers$Holder.linkToTargetMethod(java.lang.Object, java.lang.Object, int, java.lang.Object, java.lang.Object)'> (0x00000000d5e3a390) 
thrown [s\src\hotspot\share\interpreter\linkResolver.cpp, line 773]
Event: 2.297 Thread 0x0000017b6c9ec8e0 Exception <a 'java/lang/NoSuchMethodError'{0x00000000d5d58fb8}: 'java.lang.Object java.lang.invoke.DirectMethodHandle$Holder.invokeSpecial(java.lang.Object, java.lang.Object, int, java.lang.Object, java.lang.Object)'> (0x00000000d5d58fb8) 
thrown [s\src\hotspot\share\interpreter\linkResolver.cpp, line 773]
Event: 2.297 Thread 0x0000017b6c9ec8e0 Exception <a 'java/lang/NoSuchMethodError'{0x00000000d5d5fcf0}: 'java.lang.Object java.lang.invoke.DirectMethodHandle$Holder.newInvokeSpecial(java.lang.Object, java.lang.Object, int, java.lang.Object)'> (0x00000000d5d5fcf0) 
thrown [s\src\hotspot\share\interpreter\linkResolver.cpp, line 773]
Event: 2.298 Thread 0x0000017b6c9ec8e0 Exception <a 'java/lang/NoSuchMethodError'{0x00000000d5d635d0}: 'java.lang.Object java.lang.invoke.DirectMethodHandle$Holder.invokeSpecial(java.lang.Object, java.lang.Object, java.lang.Object, int, java.lang.Object)'> (0x00000000d5d635d0) 
thrown [s\src\hotspot\share\interpreter\linkResolver.cpp, line 773]
Event: 2.314 Thread 0x0000017b7224c3b0 Exception <a 'java/lang/NoSuchMethodError'{0x00000000d5f7e2c0}: 'void java.lang.invoke.DirectMethodHandle$Holder.invokeSpecial(java.lang.Object, java.lang.Object, java.lang.Object, java.lang.Object, java.lang.Object)'> (0x00000000d5f7e2c0) 
thrown [s\src\hotspot\share\interpreter\linkResolver.cpp, line 773]
Event: 2.356 Thread 0x0000017b7224c3b0 Exception <a 'java/lang/NoSuchMethodError'{0x00000000d6173080}: 'double java.lang.invoke.DirectMethodHandle$Holder.invokeStatic(java.lang.Object, java.lang.Object)'> (0x00000000d6173080) 
thrown [s\src\hotspot\share\interpreter\linkResolver.cpp, line 773]
Event: 2.356 Thread 0x0000017b7224c3b0 Exception <a 'java/lang/NoSuchMethodError'{0x00000000d6176740}: 'double java.lang.invoke.DirectMethodHandle$Holder.invokeStaticInit(java.lang.Object, java.lang.Object)'> (0x00000000d6176740) 
thrown [s\src\hotspot\share\interpreter\linkResolver.cpp, line 773]
Event: 2.516 Thread 0x0000017b7224c3b0 Exception <a 'java/io/FileNotFoundException'{0x00000000d5826328}> (0x00000000d5826328) 
thrown [s\src\hotspot\share\prims\jni.cpp, line 520]
Event: 2.516 Thread 0x0000017b7224c3b0 Exception <a 'java/io/FileNotFoundException'{0x00000000d5827158}> (0x00000000d5827158) 
thrown [s\src\hotspot\share\prims\jni.cpp, line 520]
Event: 2.516 Thread 0x0000017b7224c3b0 Exception <a 'java/io/FileNotFoundException'{0x00000000d5828088}> (0x00000000d5828088) 
thrown [s\src\hotspot\share\prims\jni.cpp, line 520]
Event: 2.738 Thread 0x0000017b7224c3b0 Exception <a 'java/lang/NoSuchMethodError'{0x00000000d61c9e48}: 'int java.lang.invoke.DirectMethodHandle$Holder.invokeStaticInit(java.lang.Object, java.lang.Object, java.lang.Object)'> (0x00000000d61c9e48) 
thrown [s\src\hotspot\share\interpreter\linkResolver.cpp, line 773]

ZGC Phase Switch (0 events):
No events

VM Operations (20 events):
Event: 1.343 Executing VM operation: HandshakeAllThreads (Deoptimize)
Event: 1.343 Executing VM operation: HandshakeAllThreads (Deoptimize) done
Event: 1.488 Executing VM operation: ICBufferFull
Event: 1.489 Executing VM operation: ICBufferFull done
Event: 1.521 Executing VM operation: ParallelGCFailedAllocation (Allocation Failure)
Event: 1.525 Executing VM operation: ParallelGCFailedAllocation (Allocation Failure) done
Event: 1.618 Executing VM operation: HandshakeAllThreads (Deoptimize)
Event: 1.618 Executing VM operation: HandshakeAllThreads (Deoptimize) done
Event: 1.861 Executing VM operation: HandshakeAllThreads (Deoptimize)
Event: 1.861 Executing VM operation: HandshakeAllThreads (Deoptimize) done
Event: 2.071 Executing VM operation: ParallelGCFailedAllocation (Allocation Failure)
Event: 2.076 Executing VM operation: ParallelGCFailedAllocation (Allocation Failure) done
Event: 2.165 Executing VM operation: HandshakeAllThreads (Deoptimize)
Event: 2.165 Executing VM operation: HandshakeAllThreads (Deoptimize) done
Event: 2.173 Executing VM operation: HandshakeAllThreads (Deoptimize)
Event: 2.173 Executing VM operation: HandshakeAllThreads (Deoptimize) done
Event: 2.193 Executing VM operation: HandshakeAllThreads (Deoptimize)
Event: 2.193 Executing VM operation: HandshakeAllThreads (Deoptimize) done
Event: 2.484 Executing VM operation: ParallelGCFailedAllocation (Allocation Failure)
Event: 2.488 Executing VM operation: ParallelGCFailedAllocation (Allocation Failure) done

Memory protections (0 events):
No events

Nmethod flushes (0 events):
No events

Events (20 events):
Event: 0.040 Thread 0x0000017b10192950 Thread added: 0x0000017b1267d6d0
Event: 0.040 Thread 0x0000017b10192950 Thread added: 0x0000017b1255c980
Event: 0.040 Thread 0x0000017b10192950 Thread added: 0x0000017b1255d7a0
Event: 0.040 Thread 0x0000017b10192950 Thread added: 0x0000017b12567ac0
Event: 0.040 Thread 0x0000017b10192950 Thread added: 0x0000017b1256d7d0
Event: 0.040 Thread 0x0000017b10192950 Thread added: 0x0000017b6b150a30
Event: 0.040 Thread 0x0000017b10192950 Thread added: 0x0000017b6b1524d0
Event: 0.119 Thread 0x0000017b10192950 Thread added: 0x0000017b6b30eb90
Event: 0.228 Thread 0x0000017b6b1524d0 Thread added: 0x0000017b6b3c15a0
Event: 0.339 Thread 0x0000017b10192950 Thread added: 0x0000017b6b34a650
Event: 0.499 Thread 0x0000017b6b1524d0 Thread added: 0x0000017b6b4ec6e0
Event: 1.263 Thread 0x0000017b10192950 Thread added: 0x0000017b720172c0
Event: 1.462 Thread 0x0000017b10192950 Thread added: 0x0000017b6ca8cc90
Event: 1.472 Thread 0x0000017b10192950 Thread added: 0x0000017b7224c3b0
Event: 1.607 Thread 0x0000017b7224c3b0 Thread added: 0x0000017b6c6fdba0
Event: 1.616 Thread 0x0000017b6b4ec6e0 Thread exited: 0x0000017b6b4ec6e0
Event: 1.899 Thread 0x0000017b7224c3b0 Thread added: 0x0000017b6cacde50
Event: 2.278 Thread 0x0000017b7224c3b0 Thread added: 0x0000017b6c9ec8e0
Event: 2.297 Thread 0x0000017b7224c3b0 Thread added: 0x0000017b72436fc0
Event: 2.479 Thread 0x0000017b6b150a30 Thread added: 0x0000017b72167ab0


Dynamic libraries:
0x00007ff6df980000 - 0x00007ff6df98e000 	c:\Users\nikeo\.vscode\extensions\redhat.java-1.50.0-win32-x64\jre\21.0.9-win32-x86_64\bin\java.exe
0x00007ff923f00000 - 0x00007ff924168000 	C:\WINDOWS\SYSTEM32\ntdll.dll
0x00007ff922180000 - 0x00007ff922249000 	C:\WINDOWS\System32\KERNEL32.DLL
0x00007ff921130000 - 0x00007ff921522000 	C:\WINDOWS\System32\KERNELBASE.dll
0x00007ff921530000 - 0x00007ff92167b000 	C:\WINDOWS\System32\ucrtbase.dll
0x00007ff910e50000 - 0x00007ff910e68000 	c:\Users\nikeo\.vscode\extensions\redhat.java-1.50.0-win32-x64\jre\21.0.9-win32-x86_64\bin\jli.dll
0x00007ff90bf50000 - 0x00007ff90bf6e000 	c:\Users\nikeo\.vscode\extensions\redhat.java-1.50.0-win32-x64\jre\21.0.9-win32-x86_64\bin\VCRUNTIME140.dll
0x00007ff922fb0000 - 0x00007ff923175000 	C:\WINDOWS\System32\USER32.dll
0x00007ff921880000 - 0x00007ff9218a7000 	C:\WINDOWS\System32\win32u.dll
0x00007ff922980000 - 0x00007ff9229ab000 	C:\WINDOWS\System32\GDI32.dll
0x00007ff921ba0000 - 0x00007ff921ccd000 	C:\WINDOWS\System32\gdi32full.dll
0x00007ff9218b0000 - 0x00007ff921953000 	C:\WINDOWS\System32\msvcp_win.dll
0x00007ff9096a0000 - 0x00007ff909933000 	C:\WINDOWS\WinSxS\amd64_microsoft.windows.common-controls_6595b64144ccf1df_6.0.26100.6899_none_3e0efeeae32e88c1\COMCTL32.dll
0x00007ff9231a0000 - 0x00007ff923249000 	C:\WINDOWS\System32\msvcrt.dll
0x00007ff922f60000 - 0x00007ff922f8f000 	C:\WINDOWS\System32\IMM32.DLL
0x00000000605b0000 - 0x00000000605bc000 	C:\Program Files (x86)\360\Total Security\safemon\SafeWrapper.dll
0x00007ff923d30000 - 0x00007ff923de4000 	C:\WINDOWS\System32\ADVAPI32.dll
0x00007ff9222e0000 - 0x00007ff922386000 	C:\WINDOWS\System32\sechost.dll
0x00007ff9229b0000 - 0x00007ff922ac8000 	C:\WINDOWS\System32\RPCRT4.dll
0x00007ff8e9950000 - 0x00007ff8e99fc000 	C:\Program Files (x86)\360\Total Security\safemon\libzdtp64.dll
0x00007ff9235e0000 - 0x00007ff923d2d000 	C:\WINDOWS\System32\SHELL32.dll
0x00007ff921680000 - 0x00007ff9217eb000 	C:\WINDOWS\System32\wintypes.dll
0x00007ff923260000 - 0x00007ff9235db000 	C:\WINDOWS\System32\combase.dll
0x00007ff923e50000 - 0x00007ff923eb2000 	C:\WINDOWS\System32\SHLWAPI.dll
0x00007ff920b80000 - 0x00007ff920b8b000 	C:\WINDOWS\SYSTEM32\VERSION.dll
0x00007ff90e110000 - 0x00007ff90e11c000 	c:\Users\nikeo\.vscode\extensions\redhat.java-1.50.0-win32-x64\jre\21.0.9-win32-x86_64\bin\vcruntime140_1.dll
0x00007ff89ece0000 - 0x00007ff89ed6d000 	c:\Users\nikeo\.vscode\extensions\redhat.java-1.50.0-win32-x64\jre\21.0.9-win32-x86_64\bin\msvcp140.dll
0x00007ff897750000 - 0x00007ff8984f0000 	c:\Users\nikeo\.vscode\extensions\redhat.java-1.50.0-win32-x64\jre\21.0.9-win32-x86_64\bin\server\jvm.dll
0x00007ff921cd0000 - 0x00007ff921d44000 	C:\WINDOWS\System32\WS2_32.dll
0x00007ff909f10000 - 0x00007ff909f45000 	C:\WINDOWS\SYSTEM32\WINMM.dll
0x00007ff920f10000 - 0x00007ff920f6e000 	C:\WINDOWS\SYSTEM32\POWRPROF.dll
0x00007ff920ef0000 - 0x00007ff920f04000 	C:\WINDOWS\SYSTEM32\UMPDC.dll
0x00007ff91fdf0000 - 0x00007ff91fe0b000 	C:\WINDOWS\SYSTEM32\kernel.appcore.dll
0x00007ff90bf20000 - 0x00007ff90bf2a000 	c:\Users\nikeo\.vscode\extensions\redhat.java-1.50.0-win32-x64\jre\21.0.9-win32-x86_64\bin\jimage.dll
0x00007ff91e910000 - 0x00007ff91eb52000 	C:\WINDOWS\SYSTEM32\DBGHELP.DLL
0x00007ff922570000 - 0x00007ff922647000 	C:\WINDOWS\System32\OLEAUT32.dll
0x00007ff8f93b0000 - 0x00007ff8f93ec000 	C:\WINDOWS\SYSTEM32\dbgcore.DLL
0x00007ff921090000 - 0x00007ff921128000 	C:\WINDOWS\System32\bcryptPrimitives.dll
0x00007ff8fc9a0000 - 0x00007ff8fc9af000 	c:\Users\nikeo\.vscode\extensions\redhat.java-1.50.0-win32-x64\jre\21.0.9-win32-x86_64\bin\instrument.dll
0x00007ff8ed290000 - 0x00007ff8ed2b0000 	c:\Users\nikeo\.vscode\extensions\redhat.java-1.50.0-win32-x64\jre\21.0.9-win32-x86_64\bin\java.dll
0x00007ff91ec40000 - 0x00007ff91f49d000 	C:\WINDOWS\SYSTEM32\windows.storage.dll
0x00007ff922460000 - 0x00007ff922552000 	C:\WINDOWS\System32\SHCORE.dll
0x00007ff920fb0000 - 0x00007ff920fd9000 	C:\WINDOWS\SYSTEM32\profapi.dll
0x00007ff8eb000000 - 0x00007ff8eb018000 	c:\Users\nikeo\.vscode\extensions\redhat.java-1.50.0-win32-x64\jre\21.0.9-win32-x86_64\bin\zip.dll
0x00007ff8fc950000 - 0x00007ff8fc960000 	C:\Users\nikeo\.vscode\extensions\redhat.java-1.50.0-win32-x64\jre\21.0.9-win32-x86_64\bin\net.dll
0x00007ff919090000 - 0x00007ff9191af000 	C:\WINDOWS\SYSTEM32\WINHTTP.dll
0x00007ff920360000 - 0x00007ff9203cb000 	C:\WINDOWS\system32\mswsock.dll
0x00007ff8ea570000 - 0x00007ff8ea586000 	C:\Users\nikeo\.vscode\extensions\redhat.java-1.50.0-win32-x64\jre\21.0.9-win32-x86_64\bin\nio.dll
0x00007ff8fa550000 - 0x00007ff8fa560000 	c:\Users\nikeo\.vscode\extensions\redhat.java-1.50.0-win32-x64\jre\21.0.9-win32-x86_64\bin\verify.dll
0x00007ff918fd0000 - 0x00007ff919014000 	C:\Users\nikeo\AppData\Roaming\Code\User\globalStorage\redhat.java\1.50.0\config_ss_win\org.eclipse.equinox.launcher\org.eclipse.equinox.launcher.win32.win32.x86_64_1.2.1400.v20250801-0854\eclipse_11916.dll
0x00007ff922680000 - 0x00007ff922818000 	C:\WINDOWS\System32\ole32.dll
0x00007ff91ba10000 - 0x00007ff91ba1a000 	C:\Users\nikeo\.vscode\extensions\redhat.java-1.50.0-win32-x64\jre\21.0.9-win32-x86_64\bin\management.dll
0x00007ff91ba00000 - 0x00007ff91ba0c000 	C:\Users\nikeo\.vscode\extensions\redhat.java-1.50.0-win32-x64\jre\21.0.9-win32-x86_64\bin\management_ext.dll
0x00007ff922fa0000 - 0x00007ff922fa8000 	C:\WINDOWS\System32\PSAPI.DLL

JVMTI agents:
c:\Users\nikeo\.vscode\extensions\redhat.java-1.50.0-win32-x64\lombok\lombok-1.18.39-4050.jar path:c:\Users\nikeo\.vscode\extensions\redhat.java-1.50.0-win32-x64\jre\21.0.9-win32-x86_64\bin\instrument.dll, loaded, initialized, instrumentlib options:none

dbghelp: loaded successfully - version: 4.0.5 - missing functions: none
symbol engine: initialized successfully - sym options: 0x614 - pdb path: .;c:\Users\nikeo\.vscode\extensions\redhat.java-1.50.0-win32-x64\jre\21.0.9-win32-x86_64\bin;C:\WINDOWS\SYSTEM32;C:\WINDOWS\WinSxS\amd64_microsoft.windows.common-controls_6595b64144ccf1df_6.0.26100.6899_none_3e0efeeae32e88c1;C:\Program Files (x86)\360\Total Security\safemon;c:\Users\nikeo\.vscode\extensions\redhat.java-1.50.0-win32-x64\jre\21.0.9-win32-x86_64\bin\server;C:\Users\nikeo\AppData\Roaming\Code\User\globalStorage\redhat.java\1.50.0\config_ss_win\org.eclipse.equinox.launcher\org.eclipse.equinox.launcher.win32.win32.x86_64_1.2.1400.v20250801-0854

VM Arguments:
jvm_args: --add-modules=ALL-SYSTEM --add-opens=java.base/java.util=ALL-UNNAMED --add-opens=java.base/java.lang=ALL-UNNAMED --add-opens=java.base/sun.nio.fs=ALL-UNNAMED -Declipse.application=org.eclipse.jdt.ls.core.id1 -Dosgi.bundles.defaultStartLevel=4 -Declipse.product=org.eclipse.jdt.ls.core.product -Djava.import.generatesMetadataFilesAtProjectRoot=false -DDetectVMInstallationsJob.disabled=true -Dfile.encoding=utf8 -XX:+UseParallelGC -XX:GCTimeRatio=4 -XX:AdaptiveSizePolicyWeight=90 -Dsun.zip.disableMemoryMapping=true -Xmx2G -Xms100m -Xlog:disable -javaagent:c:\Users\nikeo\.vscode\extensions\redhat.java-1.50.0-win32-x64\lombok\lombok-1.18.39-4050.jar 
java_command: c:\Users\nikeo\.vscode\extensions\redhat.java-1.50.0-win32-x64\server\plugins\org.eclipse.equinox.launcher_1.7.100.v20251111-0406.jar -configuration c:\Users\nikeo\AppData\Roaming\Code\User\globalStorage\redhat.java\1.50.0\config_ss_win -data c:\Users\nikeo\AppData\Roaming\Code\User\workspaceStorage\6bcd6a5cc8e9540a52a0f73f3a93b646\redhat.java\ss_ws --pipe=\\.\pipe\lsp-d6090d8435af70e81cbf165423b5d70f-sock
java_class_path (initial): c:\Users\nikeo\.vscode\extensions\redhat.java-1.50.0-win32-x64\server\plugins\org.eclipse.equinox.launcher_1.7.100.v20251111-0406.jar
Launcher Type: SUN_STANDARD

[Global flags]
    uintx AdaptiveSizePolicyWeight                 = 90                                        {product} {command line}
     intx CICompilerCount                          = 4                                         {product} {ergonomic}
    uintx GCTimeRatio                              = 4                                         {product} {command line}
   size_t InitialHeapSize                          = 104857600                                 {product} {command line}
   size_t MaxHeapSize                              = 2147483648                                {product} {command line}
   size_t MaxNewSize                               = 715653120                                 {product} {ergonomic}
   size_t MinHeapDeltaBytes                        = 524288                                    {product} {ergonomic}
   size_t MinHeapSize                              = 104857600                                 {product} {command line}
   size_t NewSize                                  = 34603008                                  {product} {ergonomic}
    uintx NonNMethodCodeHeapSize                   = 5839372                                {pd product} {ergonomic}
    uintx NonProfiledCodeHeapSize                  = 122909434                              {pd product} {ergonomic}
   size_t OldSize                                  = 70254592                                  {product} {ergonomic}
    uintx ProfiledCodeHeapSize                     = 122909434                              {pd product} {ergonomic}
    uintx ReservedCodeCacheSize                    = 251658240                              {pd product} {ergonomic}
     bool SegmentedCodeCache                       = true                                      {product} {ergonomic}
   size_t SoftMaxHeapSize                          = 2147483648                             {manageable} {ergonomic}
     bool UseCompressedOops                        = true                           {product lp64_product} {ergonomic}
     bool UseLargePagesIndividualAllocation        = false                                  {pd product} {ergonomic}
     bool UseParallelGC                            = true                                      {product} {command line}

Logging:
Log output configuration:
 #0: stdout all=off uptime,level,tags foldmultilines=false
 #1: stderr all=off uptime,level,tags foldmultilines=false

Release file:
JAVA_VERSION="21.0.9" 
MODULES="java.base java.compiler java.datatransfer java.xml java.prefs java.desktop java.instrument java.logging java.management java.security.sasl java.naming java.rmi java.management.rmi java.net.http java.scripting java.security.jgss java.transaction.xa java.sql java.sql.rowset java.xml.crypto java.se java.smartcardio jdk.accessibility jdk.internal.jvmstat jdk.attach jdk.charsets jdk.internal.opt jdk.zipfs jdk.compiler jdk.crypto.ec jdk.crypto.cryptoki jdk.crypto.mscapi jdk.dynalink jdk.internal.ed jdk.editpad jdk.hotspot.agent jdk.httpserver jdk.internal.le jdk.internal.vm.ci jdk.internal.vm.compiler jdk.internal.vm.compiler.management jdk.jartool jdk.javadoc jdk.jcmd jdk.management jdk.management.agent jdk.jconsole jdk.jdeps jdk.jdwp.agent jdk.jdi jdk.jfr jdk.jshell jdk.jsobject jdk.jstatd jdk.localedata jdk.management.jfr jdk.naming.dns jdk.naming.rmi jdk.net jdk.nio.mapmode jdk.random jdk.sctp jdk.security.auth jdk.security.jgss jdk.unsupported jdk.unsupported.desktop jdk.xml.dom" 

Environment Variables:
PATH=C:\Program Files\Common Files\Oracle\Java\javapath;C:\WINDOWS\system32;C:\WINDOWS;C:\WINDOWS\System32\Wbem;C:\WINDOWS\System32\WindowsPowerShell\v1.0\;C:\WINDOWS\System32\OpenSSH\;C:\Users\nikeo\AppData\Local\Microsoft\Windows\INetCache\IE\5IPZ3417\MinGW[1].zip\MinGW\bin;C:\MinGW\bin;C:\Program Files\Java\jdk-24\bin;C:\Program Files\Git\cmd;C:\ProgramData\ComposerSetup\bin;D:\laragon\bin\php\php-8.1.10-Win32-vs16-x64;C:\Users\nikeo\AppData\Local\Programs\Python\Python313\Scripts\;C:\Users\nikeo\AppData\Local\Programs\Python\Python313\;C:\Users\nikeo\AppData\Local\Microsoft\WindowsApps;C:\Users\nikeo\AppData\Local\Programs\Microsoft VS Code\bin;C:\MinGW\bin;C:\Users\nikeo\AppData\Roaming\Composer\vendor\bin;C:\Users\nikeo\AppData\Local\GitHubDesktop\bin
USERNAME=nikeo
OS=Windows_NT
PROCESSOR_IDENTIFIER=Intel64 Family 6 Model 154 Stepping 4, GenuineIntel
TMP=C:\Users\nikeo\AppData\Local\Temp
TEMP=C:\Users\nikeo\AppData\Local\Temp




Periodic native trim disabled

---------------  S Y S T E M  ---------------

OS:
 Windows 11 , 64 bit Build 26100 (10.0.26100.6725)
OS uptime: 2 days 8:59 hours
Hyper-V role detected

CPU: total 12 (initial active 12) (6 cores per cpu, 2 threads per core) family 6 model 154 stepping 4 microcode 0x432, cx8, cmov, fxsr, ht, mmx, 3dnowpref, sse, sse2, sse3, ssse3, sse4.1, sse4.2, popcnt, lzcnt, tsc, tscinvbit, avx, avx2, aes, erms, clmul, bmi1, bmi2, adx, sha, fma, vzeroupper, clflush, clflushopt, clwb, hv, serialize, rdtscp, rdpid, fsrm, f16c, cet_ibt, cet_ss
Processor Information for processor 0
  Max Mhz: 1500, Current Mhz: 1500, Mhz Limit: 1500
Processor Information for processor 1
  Max Mhz: 1500, Current Mhz: 1500, Mhz Limit: 1500
Processor Information for processor 2
  Max Mhz: 1500, Current Mhz: 1500, Mhz Limit: 1500
Processor Information for processor 3
  Max Mhz: 1500, Current Mhz: 1500, Mhz Limit: 1500
Processor Information for processor 4
  Max Mhz: 1500, Current Mhz: 1100, Mhz Limit: 1095
Processor Information for processor 5
  Max Mhz: 1500, Current Mhz: 1100, Mhz Limit: 1095
Processor Information for processor 6
  Max Mhz: 1500, Current Mhz: 1100, Mhz Limit: 1095
Processor Information for processor 7
  Max Mhz: 1500, Current Mhz: 1100, Mhz Limit: 1095
Processor Information for processor 8
  Max Mhz: 1500, Current Mhz: 1100, Mhz Limit: 1095
Processor Information for processor 9
  Max Mhz: 1500, Current Mhz: 1100, Mhz Limit: 1095
Processor Information for processor 10
  Max Mhz: 1500, Current Mhz: 1100, Mhz Limit: 1095
Processor Information for processor 11
  Max Mhz: 1500, Current Mhz: 1100, Mhz Limit: 1095

Memory: 4k page, system-wide physical 7933M (734M free)
TotalPageFile size 23746M (AvailPageFile size 11M)
current process WorkingSet (physical memory assigned to process): 134M, peak: 134M
current process commit charge ("private bytes"): 279M, peak: 279M

vm_info: OpenJDK 64-Bit Server VM (21.0.9+10-LTS) for windows-amd64 JRE (21.0.9+10-LTS), built on 2025-10-21T00:00:00Z by "admin" with unknown MS VC++:1942

END.
