#
# There is insufficient memory for the Java Runtime Environment to continue.
# Native memory allocation (malloc) failed to allocate 1048576 bytes. Error detail: AllocateHeap
# Possible reasons:
#   The system is out of physical RAM or swap space
#   This process is running with CompressedOops enabled, and the Java Heap may be blocking the growth of the native heap
# Possible solutions:
#   Reduce memory load on the system
#   Increase physical memory or swap space
#   Check if swap backing store is full
#   Decrease Java heap size (-Xmx/-Xms)
#   Decrease number of Java threads
#   Decrease Java thread stack sizes (-Xss)
#   Set larger code cache with -XX:ReservedCodeCacheSize=
#   JVM is running with Unscaled Compressed Oops mode in which the Java heap is
#     placed in the first 4GB address space. The Java Heap base address is the
#     maximum limit for the native heap growth. Please use -XX:HeapBaseMinAddress
#     to set the Java Heap base and to place the Java Heap above 4GB virtual address.
# This output file may be truncated or incomplete.
#
#  Out of Memory Error (allocation.cpp:44), pid=29360, tid=38832
#
# JRE version:  (21.0.9+10) (build )
# Java VM: OpenJDK 64-Bit Server VM (21.0.9+10-LTS, mixed mode, sharing, tiered, compressed oops, compressed class ptrs, parallel gc, windows-amd64)
# No core dump will be written. Minidumps are not enabled by default on client versions of Windows
#

---------------  S U M M A R Y ------------

Command Line: --add-modules=ALL-SYSTEM --add-opens=java.base/java.util=ALL-UNNAMED --add-opens=java.base/java.lang=ALL-UNNAMED --add-opens=java.base/sun.nio.fs=ALL-UNNAMED -Declipse.application=org.eclipse.jdt.ls.core.id1 -Dosgi.bundles.defaultStartLevel=4 -Declipse.product=org.eclipse.jdt.ls.core.product -Djava.import.generatesMetadataFilesAtProjectRoot=false -DDetectVMInstallationsJob.disabled=true -Dfile.encoding=utf8 -XX:+UseParallelGC -XX:GCTimeRatio=4 -XX:AdaptiveSizePolicyWeight=90 -Dsun.zip.disableMemoryMapping=true -Xmx2G -Xms100m -Xlog:disable -javaagent:c:\Users\nikeo\.vscode\extensions\redhat.java-1.50.0-win32-x64\lombok\lombok-1.18.39-4050.jar -XX:+HeapDumpOnOutOfMemoryError -XX:HeapDumpPath=c:\Users\nikeo\AppData\Roaming\Code\User\workspaceStorage\6bcd6a5cc8e9540a52a0f73f3a93b646\redhat.java -Daether.dependencyCollector.impl=bf c:\Users\nikeo\.vscode\extensions\redhat.java-1.50.0-win32-x64\server\plugins\org.eclipse.equinox.launcher_1.7.100.v20251111-0406.jar -configuration c:\Users\nikeo\AppData\Roaming\Code\User\globalStorage\redhat.java\1.50.0\config_win -data c:\Users\nikeo\AppData\Roaming\Code\User\workspaceStorage\6bcd6a5cc8e9540a52a0f73f3a93b646\redhat.java\jdt_ws --pipe=\\.\pipe\lsp-1c3094f0a27c9bb107ad0b537513e151-sock

Host: 12th Gen Intel(R) Core(TM) i3-1220P, 12 cores, 7G,  Windows 11 , 64 bit Build 26100 (10.0.26100.6725)
Time: Sat Nov 29 18:45:34 2025 SE Asia Standard Time elapsed time: 0.042705 seconds (0d 0h 0m 0s)

---------------  T H R E A D  ---------------

Current thread (0x0000025168753b50):  JavaThread "Unknown thread" [_thread_in_vm, id=38832, stack(0x00000090a9600000,0x00000090a9700000) (1024K)]

Stack: [0x00000090a9600000,0x00000090a9700000]
Native frames: (J=compiled Java code, j=interpreted, Vv=VM code, C=native code)
V  [jvm.dll+0x6d6e29]
V  [jvm.dll+0x8b4b76]
V  [jvm.dll+0x8b712e]
V  [jvm.dll+0x8b7813]
V  [jvm.dll+0x283d86]
V  [jvm.dll+0xc1277]
V  [jvm.dll+0x71457d]
V  [jvm.dll+0x714c3c]
V  [jvm.dll+0x6e59c8]
V  [jvm.dll+0x87e58c]
V  [jvm.dll+0x3c42fc]
V  [jvm.dll+0x86727b]
V  [jvm.dll+0x457391]
V  [jvm.dll+0x458f81]
C  [jli.dll+0x52d0]
C  [ucrtbase.dll+0x37b0]
C  [KERNEL32.DLL+0x2e8d7]
C  [ntdll.dll+0x8c53c]


---------------  P R O C E S S  ---------------

Threads class SMR info:
_java_thread_list=0x0000025168775d70, length=1, elements={
0x0000025168753b50
}

Java Threads: ( => current thread )
=>0x0000025168753b50 JavaThread "Unknown thread"             [_thread_in_vm, id=38832, stack(0x00000090a9600000,0x00000090a9700000) (1024K)]
Total: 1

Other Threads:
  0x00000251685bca00 WatcherThread "VM Periodic Task Thread"        [id=25492, stack(0x00000090a9800000,0x00000090a9900000) (1024K)]
  0x0000025168770a20 WorkerThread "GC Thread#0"                     [id=35920, stack(0x00000090a9700000,0x00000090a9800000) (1024K)]
Total: 2

Threads with active compile tasks:
Total: 0

VM state: not at safepoint (normal execution)

VM Mutex/Monitor currently owned by a thread: None

Heap address: 0x0000000080000000, size: 2048 MB, Compressed Oops mode: 32-bit

CDS archive(s) mapped at: [0x0000025100000000-0x0000025100ba0000-0x0000025100ba0000), size 12189696, SharedBaseAddress: 0x0000025100000000, ArchiveRelocationMode: 1.
Compressed class space mapped at: 0x0000025101000000-0x0000025141000000, reserved size: 1073741824
Narrow klass base: 0x0000025100000000, Narrow klass shift: 0, Narrow klass range: 0x100000000

GC Precious Log:
 CardTable entry size: 512
 CPUs: 12 total, 12 available
 Memory: 7933M
 Large Page Support: Disabled
 NUMA Support: Disabled
 Compressed Oops: Enabled (32-bit)
 Alignments: Space 512K, Generation 512K, Heap 2M
 Heap Min Capacity: 100M
 Heap Initial Capacity: 100M
 Heap Max Capacity: 2G
 Pre-touch: Disabled
 Parallel Workers: 10

Heap:
 PSYoungGen      total 29696K, used 512K [0x00000000d5580000, 0x00000000d7680000, 0x0000000100000000)
  eden space 25600K, 2% used [0x00000000d5580000,0x00000000d5600020,0x00000000d6e80000)
  from space 4096K, 0% used [0x00000000d7280000,0x00000000d7280000,0x00000000d7680000)
  to   space 4096K, 0% used [0x00000000d6e80000,0x00000000d6e80000,0x00000000d7280000)
 ParOldGen       total 68608K, used 0K [0x0000000080000000, 0x0000000084300000, 0x00000000d5580000)
  object space 68608K, 0% used [0x0000000080000000,0x0000000080000000,0x0000000084300000)
 Metaspace       used 0K, committed 0K, reserved 1048576K
  class space    used 0K, committed 0K, reserved 1048576K

Card table byte_map: [0x00000251680d0000,0x00000251684e0000] _byte_map_base: 0x0000025167cd0000

Marking Bits: (ParMarkBitMap*) 0x00007ff898412460
 Begin Bits: [0x000002517abe0000, 0x000002517cbe0000)
 End Bits:   [0x000002517cbe0000, 0x000002517ebe0000)

Polling page: 0x00000251664e0000

Metaspace:

Usage:
  Non-class:      0 bytes used.
      Class:      0 bytes used.
       Both:      0 bytes used.

Virtual space:
  Non-class space:        0 bytes reserved,       0 bytes (  ?%) committed,  0 nodes.
      Class space:        1.00 GB reserved,       0 bytes (  0%) committed,  1 nodes.
             Both:        1.00 GB reserved,       0 bytes (  0%) committed. 

Chunk freelists:
   Non-Class:  0 bytes
       Class:  16.00 MB
        Both:  16.00 MB

MaxMetaspaceSize: unlimited
CompressedClassSpaceSize: 1.00 GB
Initial GC threshold: 21.00 MB
Current GC threshold: 17179869184.00 GB
CDS: on
 - commit_granule_bytes: 65536.
 - commit_granule_words: 8192.
 - virtual_space_node_default_size: 8388608.
 - enlarge_chunks_in_place: 1.
 - use_allocation_guard: 0.


Internal statistics:

num_allocs_failed_limit: 0.
num_arena_births: 0.
num_arena_deaths: 0.
num_vsnodes_births: 1.
num_vsnodes_deaths: 0.
num_space_committed: 0.
num_space_uncommitted: 0.
num_chunks_returned_to_freelist: 0.
num_chunks_taken_from_freelist: 1.
num_chunk_merges: 0.
num_chunk_splits: 1.
num_chunks_enlarged: 0.
num_inconsistent_stats: 0.

CodeHeap 'non-profiled nmethods': size=120000Kb used=0Kb max_used=0Kb free=120000Kb
 bounds [0x0000025173400000, 0x0000025173670000, 0x000002517a930000]
CodeHeap 'profiled nmethods': size=120000Kb used=0Kb max_used=0Kb free=120000Kb
 bounds [0x000002516b930000, 0x000002516bba0000, 0x0000025172e60000]
CodeHeap 'non-nmethods': size=5760Kb used=194Kb max_used=342Kb free=5565Kb
 bounds [0x0000025172e60000, 0x00000251730d0000, 0x0000025173400000]
CodeCache: size=245760Kb, used=194Kb, max_used=342Kb, free=245565Kb
 total_blobs=70, nmethods=0, adapters=48, full_count=0
Compilation: enabled, stopped_count=0, restarted_count=0

Compilation events (0 events):
No events

GC Heap History (0 events):
No events

Dll operation events (1 events):
Event: 0.019 Loaded shared library c:\Users\nikeo\.vscode\extensions\redhat.java-1.50.0-win32-x64\jre\21.0.9-win32-x86_64\bin\java.dll

Deoptimization events (0 events):
No events

Classes loaded (0 events):
No events

Classes unloaded (0 events):
No events

Classes redefined (0 events):
No events

Internal exceptions (0 events):
No events

ZGC Phase Switch (0 events):
No events

VM Operations (0 events):
No events

Memory protections (0 events):
No events

Nmethod flushes (0 events):
No events

Events (1 events):
Event: 0.035 Thread 0x0000025168753b50 Thread added: 0x0000025168753b50


Dynamic libraries:
0x00007ff6df980000 - 0x00007ff6df98e000 	c:\Users\nikeo\.vscode\extensions\redhat.java-1.50.0-win32-x64\jre\21.0.9-win32-x86_64\bin\java.exe
0x00007ff923f00000 - 0x00007ff924168000 	C:\WINDOWS\SYSTEM32\ntdll.dll
0x00007ff922180000 - 0x00007ff922249000 	C:\WINDOWS\System32\KERNEL32.DLL
0x00007ff921130000 - 0x00007ff921522000 	C:\WINDOWS\System32\KERNELBASE.dll
0x00007ff921530000 - 0x00007ff92167b000 	C:\WINDOWS\System32\ucrtbase.dll
0x00007ff90bf50000 - 0x00007ff90bf6e000 	c:\Users\nikeo\.vscode\extensions\redhat.java-1.50.0-win32-x64\jre\21.0.9-win32-x86_64\bin\VCRUNTIME140.dll
0x00007ff910e50000 - 0x00007ff910e68000 	c:\Users\nikeo\.vscode\extensions\redhat.java-1.50.0-win32-x64\jre\21.0.9-win32-x86_64\bin\jli.dll
0x00007ff922fb0000 - 0x00007ff923175000 	C:\WINDOWS\System32\USER32.dll
0x00007ff921880000 - 0x00007ff9218a7000 	C:\WINDOWS\System32\win32u.dll
0x00007ff922980000 - 0x00007ff9229ab000 	C:\WINDOWS\System32\GDI32.dll
0x00007ff9096a0000 - 0x00007ff909933000 	C:\WINDOWS\WinSxS\amd64_microsoft.windows.common-controls_6595b64144ccf1df_6.0.26100.6899_none_3e0efeeae32e88c1\COMCTL32.dll
0x00007ff921ba0000 - 0x00007ff921ccd000 	C:\WINDOWS\System32\gdi32full.dll
0x00007ff9231a0000 - 0x00007ff923249000 	C:\WINDOWS\System32\msvcrt.dll
0x00007ff9218b0000 - 0x00007ff921953000 	C:\WINDOWS\System32\msvcp_win.dll
0x00007ff922f60000 - 0x00007ff922f8f000 	C:\WINDOWS\System32\IMM32.DLL
0x00000000605b0000 - 0x00000000605bc000 	C:\Program Files (x86)\360\Total Security\safemon\SafeWrapper.dll
0x00007ff923d30000 - 0x00007ff923de4000 	C:\WINDOWS\System32\ADVAPI32.dll
0x00007ff9222e0000 - 0x00007ff922386000 	C:\WINDOWS\System32\sechost.dll
0x00007ff9229b0000 - 0x00007ff922ac8000 	C:\WINDOWS\System32\RPCRT4.dll
0x00007ff8e9950000 - 0x00007ff8e99fc000 	C:\Program Files (x86)\360\Total Security\safemon\libzdtp64.dll
0x00007ff9235e0000 - 0x00007ff923d2d000 	C:\WINDOWS\System32\SHELL32.dll
0x00007ff921680000 - 0x00007ff9217eb000 	C:\WINDOWS\System32\wintypes.dll
0x00007ff923260000 - 0x00007ff9235db000 	C:\WINDOWS\System32\combase.dll
0x00007ff923e50000 - 0x00007ff923eb2000 	C:\WINDOWS\System32\SHLWAPI.dll
0x00007ff920b80000 - 0x00007ff920b8b000 	C:\WINDOWS\SYSTEM32\VERSION.dll
0x00007ff90e110000 - 0x00007ff90e11c000 	c:\Users\nikeo\.vscode\extensions\redhat.java-1.50.0-win32-x64\jre\21.0.9-win32-x86_64\bin\vcruntime140_1.dll
0x00007ff89ece0000 - 0x00007ff89ed6d000 	c:\Users\nikeo\.vscode\extensions\redhat.java-1.50.0-win32-x64\jre\21.0.9-win32-x86_64\bin\msvcp140.dll
0x00007ff897750000 - 0x00007ff8984f0000 	c:\Users\nikeo\.vscode\extensions\redhat.java-1.50.0-win32-x64\jre\21.0.9-win32-x86_64\bin\server\jvm.dll
0x00007ff921cd0000 - 0x00007ff921d44000 	C:\WINDOWS\System32\WS2_32.dll
0x00007ff909f10000 - 0x00007ff909f45000 	C:\WINDOWS\SYSTEM32\WINMM.dll
0x00007ff920f10000 - 0x00007ff920f6e000 	C:\WINDOWS\SYSTEM32\POWRPROF.dll
0x00007ff920ef0000 - 0x00007ff920f04000 	C:\WINDOWS\SYSTEM32\UMPDC.dll
0x00007ff91fdf0000 - 0x00007ff91fe0b000 	C:\WINDOWS\SYSTEM32\kernel.appcore.dll
0x00007ff90bf20000 - 0x00007ff90bf2a000 	c:\Users\nikeo\.vscode\extensions\redhat.java-1.50.0-win32-x64\jre\21.0.9-win32-x86_64\bin\jimage.dll
0x00007ff91e910000 - 0x00007ff91eb52000 	C:\WINDOWS\SYSTEM32\DBGHELP.DLL
0x00007ff922570000 - 0x00007ff922647000 	C:\WINDOWS\System32\OLEAUT32.dll
0x00007ff8f93b0000 - 0x00007ff8f93ec000 	C:\WINDOWS\SYSTEM32\dbgcore.DLL
0x00007ff921090000 - 0x00007ff921128000 	C:\WINDOWS\System32\bcryptPrimitives.dll
0x00007ff8fc9a0000 - 0x00007ff8fc9af000 	c:\Users\nikeo\.vscode\extensions\redhat.java-1.50.0-win32-x64\jre\21.0.9-win32-x86_64\bin\instrument.dll
0x00007ff8ed290000 - 0x00007ff8ed2b0000 	c:\Users\nikeo\.vscode\extensions\redhat.java-1.50.0-win32-x64\jre\21.0.9-win32-x86_64\bin\java.dll

JVMTI agents:
c:\Users\nikeo\.vscode\extensions\redhat.java-1.50.0-win32-x64\lombok\lombok-1.18.39-4050.jar path:none, loaded, not initialized, instrumentlib options:none

dbghelp: loaded successfully - version: 4.0.5 - missing functions: none
symbol engine: initialized successfully - sym options: 0x614 - pdb path: .;c:\Users\nikeo\.vscode\extensions\redhat.java-1.50.0-win32-x64\jre\21.0.9-win32-x86_64\bin;C:\WINDOWS\SYSTEM32;C:\WINDOWS\WinSxS\amd64_microsoft.windows.common-controls_6595b64144ccf1df_6.0.26100.6899_none_3e0efeeae32e88c1;C:\Program Files (x86)\360\Total Security\safemon;c:\Users\nikeo\.vscode\extensions\redhat.java-1.50.0-win32-x64\jre\21.0.9-win32-x86_64\bin\server

VM Arguments:
jvm_args: --add-modules=ALL-SYSTEM --add-opens=java.base/java.util=ALL-UNNAMED --add-opens=java.base/java.lang=ALL-UNNAMED --add-opens=java.base/sun.nio.fs=ALL-UNNAMED -Declipse.application=org.eclipse.jdt.ls.core.id1 -Dosgi.bundles.defaultStartLevel=4 -Declipse.product=org.eclipse.jdt.ls.core.product -Djava.import.generatesMetadataFilesAtProjectRoot=false -DDetectVMInstallationsJob.disabled=true -Dfile.encoding=utf8 -XX:+UseParallelGC -XX:GCTimeRatio=4 -XX:AdaptiveSizePolicyWeight=90 -Dsun.zip.disableMemoryMapping=true -Xmx2G -Xms100m -Xlog:disable -javaagent:c:\Users\nikeo\.vscode\extensions\redhat.java-1.50.0-win32-x64\lombok\lombok-1.18.39-4050.jar -XX:+HeapDumpOnOutOfMemoryError -XX:HeapDumpPath=c:\Users\nikeo\AppData\Roaming\Code\User\workspaceStorage\6bcd6a5cc8e9540a52a0f73f3a93b646\redhat.java -Daether.dependencyCollector.impl=bf 
java_command: c:\Users\nikeo\.vscode\extensions\redhat.java-1.50.0-win32-x64\server\plugins\org.eclipse.equinox.launcher_1.7.100.v20251111-0406.jar -configuration c:\Users\nikeo\AppData\Roaming\Code\User\globalStorage\redhat.java\1.50.0\config_win -data c:\Users\nikeo\AppData\Roaming\Code\User\workspaceStorage\6bcd6a5cc8e9540a52a0f73f3a93b646\redhat.java\jdt_ws --pipe=\\.\pipe\lsp-1c3094f0a27c9bb107ad0b537513e151-sock
java_class_path (initial): c:\Users\nikeo\.vscode\extensions\redhat.java-1.50.0-win32-x64\server\plugins\org.eclipse.equinox.launcher_1.7.100.v20251111-0406.jar
Launcher Type: SUN_STANDARD

[Global flags]
    uintx AdaptiveSizePolicyWeight                 = 90                                        {product} {command line}
     intx CICompilerCount                          = 4                                         {product} {ergonomic}
    uintx GCTimeRatio                              = 4                                         {product} {command line}
     bool HeapDumpOnOutOfMemoryError               = true                                   {manageable} {command line}
    ccstr HeapDumpPath                             = c:\Users\nikeo\AppData\Roaming\Code\User\workspaceStorage\6bcd6a5cc8e9540a52a0f73f3a93b646\redhat.java         {manageable} {command line}
   size_t InitialHeapSize                          = 104857600                                 {product} {command line}
   size_t MaxHeapSize                              = 2147483648                                {product} {command line}
   size_t MaxNewSize                               = 715653120                                 {product} {ergonomic}
   size_t MinHeapDeltaBytes                        = 524288                                    {product} {ergonomic}
   size_t MinHeapSize                              = 104857600                                 {product} {command line}
   size_t NewSize                                  = 34603008                                  {product} {ergonomic}
    uintx NonNMethodCodeHeapSize                   = 5839372                                {pd product} {ergonomic}
    uintx NonProfiledCodeHeapSize                  = 122909434                              {pd product} {ergonomic}
   size_t OldSize                                  = 70254592                                  {product} {ergonomic}
    uintx ProfiledCodeHeapSize                     = 122909434                              {pd product} {ergonomic}
    uintx ReservedCodeCacheSize                    = 251658240                              {pd product} {ergonomic}
     bool SegmentedCodeCache                       = true                                      {product} {ergonomic}
   size_t SoftMaxHeapSize                          = 2147483648                             {manageable} {ergonomic}
     bool UseCompressedOops                        = true                           {product lp64_product} {ergonomic}
     bool UseLargePagesIndividualAllocation        = false                                  {pd product} {ergonomic}
     bool UseParallelGC                            = true                                      {product} {command line}

Logging:
Log output configuration:
 #0: stdout all=off uptime,level,tags foldmultilines=false
 #1: stderr all=off uptime,level,tags foldmultilines=false

Release file:
<release file has not been read>
Environment Variables:
PATH=C:\Program Files\Common Files\Oracle\Java\javapath;C:\WINDOWS\system32;C:\WINDOWS;C:\WINDOWS\System32\Wbem;C:\WINDOWS\System32\WindowsPowerShell\v1.0\;C:\WINDOWS\System32\OpenSSH\;C:\Users\nikeo\AppData\Local\Microsoft\Windows\INetCache\IE\5IPZ3417\MinGW[1].zip\MinGW\bin;C:\MinGW\bin;C:\Program Files\Java\jdk-24\bin;C:\Program Files\Git\cmd;C:\ProgramData\ComposerSetup\bin;D:\laragon\bin\php\php-8.1.10-Win32-vs16-x64;C:\Users\nikeo\AppData\Local\Programs\Python\Python313\Scripts\;C:\Users\nikeo\AppData\Local\Programs\Python\Python313\;C:\Users\nikeo\AppData\Local\Microsoft\WindowsApps;C:\Users\nikeo\AppData\Local\Programs\Microsoft VS Code\bin;C:\MinGW\bin;C:\Users\nikeo\AppData\Roaming\Composer\vendor\bin;C:\Users\nikeo\AppData\Local\GitHubDesktop\bin
USERNAME=nikeo
OS=Windows_NT
PROCESSOR_IDENTIFIER=Intel64 Family 6 Model 154 Stepping 4, GenuineIntel
TMP=C:\Users\nikeo\AppData\Local\Temp
TEMP=C:\Users\nikeo\AppData\Local\Temp




Periodic native trim disabled

---------------  S Y S T E M  ---------------

OS:
 Windows 11 , 64 bit Build 26100 (10.0.26100.6725)
OS uptime: 2 days 8:59 hours
Hyper-V role detected

CPU: total 12 (initial active 12) (6 cores per cpu, 2 threads per core) family 6 model 154 stepping 4 microcode 0x432, cx8, cmov, fxsr, ht, mmx, 3dnowpref, sse, sse2, sse3, ssse3, sse4.1, sse4.2, popcnt, lzcnt, tsc, tscinvbit, avx, avx2, aes, erms, clmul, bmi1, bmi2, adx, sha, fma, vzeroupper, clflush, clflushopt, clwb, hv, serialize, rdtscp, rdpid, fsrm, f16c, cet_ibt, cet_ss
Processor Information for processor 0
  Max Mhz: 1500, Current Mhz: 1500, Mhz Limit: 1500
Processor Information for processor 1
  Max Mhz: 1500, Current Mhz: 1500, Mhz Limit: 1500
Processor Information for processor 2
  Max Mhz: 1500, Current Mhz: 1500, Mhz Limit: 1500
Processor Information for processor 3
  Max Mhz: 1500, Current Mhz: 1500, Mhz Limit: 1500
Processor Information for processor 4
  Max Mhz: 1500, Current Mhz: 1100, Mhz Limit: 1095
Processor Information for processor 5
  Max Mhz: 1500, Current Mhz: 1100, Mhz Limit: 1095
Processor Information for processor 6
  Max Mhz: 1500, Current Mhz: 1100, Mhz Limit: 1095
Processor Information for processor 7
  Max Mhz: 1500, Current Mhz: 1100, Mhz Limit: 1095
Processor Information for processor 8
  Max Mhz: 1500, Current Mhz: 1100, Mhz Limit: 1095
Processor Information for processor 9
  Max Mhz: 1500, Current Mhz: 1100, Mhz Limit: 1095
Processor Information for processor 10
  Max Mhz: 1500, Current Mhz: 1100, Mhz Limit: 1095
Processor Information for processor 11
  Max Mhz: 1500, Current Mhz: 1100, Mhz Limit: 1095

Memory: 4k page, system-wide physical 7933M (1047M free)
TotalPageFile size 23746M (AvailPageFile size 4M)
current process WorkingSet (physical memory assigned to process): 27M, peak: 27M
current process commit charge ("private bytes"): 222M, peak: 223M

vm_info: OpenJDK 64-Bit Server VM (21.0.9+10-LTS) for windows-amd64 JRE (21.0.9+10-LTS), built on 2025-10-21T00:00:00Z by "admin" with unknown MS VC++:1942

END.
